TN:
SF:src/App.jsx
FN:17,(anonymous_0)
FN:21,(anonymous_1)
FN:52,(anonymous_2)
FN:69,App
FNF:4
FNH:0
FNDA:0,(anonymous_0)
FNDA:0,(anonymous_1)
FNDA:0,(anonymous_2)
FNDA:0,App
DA:13,0
DA:14,0
DA:15,0
DA:17,0
DA:21,0
DA:22,0
DA:25,0
DA:26,0
DA:34,0
DA:35,0
DA:36,0
DA:37,0
DA:39,0
DA:40,0
DA:45,0
DA:53,0
DA:71,0
LF:17
LH:0
BRDA:14,0,0,0
BRDA:14,0,1,0
BRDA:15,1,0,0
BRDA:15,1,1,0
BRDA:17,2,0,0
BRDA:17,2,1,0
BRDA:25,3,0,0
BRDA:25,3,1,0
BRDA:25,4,0,0
BRDA:25,4,1,0
BRDA:34,5,0,0
BRDA:34,5,1,0
BRDA:35,6,0,0
BRDA:35,6,1,0
BRDA:37,7,0,0
BRDA:37,7,1,0
BRF:16
BRH:0
end_of_record
TN:
SF:src/Layout.jsx
FN:39,Layout
FN:48,(anonymous_1)
FN:50,(anonymous_2)
FN:60,(anonymous_3)
FN:63,(anonymous_4)
FN:73,(anonymous_5)
FN:78,(anonymous_6)
FN:90,(anonymous_7)
FN:184,(anonymous_8)
FN:261,(anonymous_9)
FN:288,(anonymous_10)
FN:308,(anonymous_11)
FN:315,(anonymous_12)
FN:335,(anonymous_13)
FNF:14
FNH:0
FNDA:0,Layout
FNDA:0,(anonymous_1)
FNDA:0,(anonymous_2)
FNDA:0,(anonymous_3)
FNDA:0,(anonymous_4)
FNDA:0,(anonymous_5)
FNDA:0,(anonymous_6)
FNDA:0,(anonymous_7)
FNDA:0,(anonymous_8)
FNDA:0,(anonymous_9)
FNDA:0,(anonymous_10)
FNDA:0,(anonymous_11)
FNDA:0,(anonymous_12)
FNDA:0,(anonymous_13)
DA:37,0
DA:40,0
DA:41,0
DA:42,0
DA:43,0
DA:46,0
DA:48,0
DA:50,0
DA:51,0
DA:52,0
DA:53,0
DA:54,0
DA:55,0
DA:59,0
DA:60,0
DA:63,0
DA:64,0
DA:65,0
DA:66,0
DA:67,0
DA:68,0
DA:70,0
DA:73,0
DA:74,0
DA:75,0
DA:78,0
DA:80,0
DA:81,0
DA:84,0
DA:85,0
DA:86,0
DA:90,0
DA:91,0
DA:92,0
DA:124,0
DA:125,0
DA:140,0
DA:156,0
DA:157,0
DA:164,0
DA:184,0
DA:261,0
DA:288,0
DA:309,0
DA:310,0
DA:311,0
DA:315,0
DA:336,0
DA:337,0
LF:49
LH:0
BRDA:54,0,0,0
BRDA:54,0,1,0
BRDA:64,1,0,0
BRDA:64,1,1,0
BRDA:67,2,0,0
BRDA:67,2,1,0
BRDA:80,3,0,0
BRDA:80,3,1,0
BRDA:91,4,0,0
BRDA:91,4,1,0
BRDA:124,5,0,0
BRDA:124,5,1,0
BRDA:156,6,0,0
BRDA:156,6,1,0
BRDA:156,7,0,0
BRDA:156,7,1,0
BRDA:201,8,0,0
BRDA:201,8,1,0
BRDA:258,9,0,0
BRDA:258,9,1,0
BRDA:268,10,0,0
BRDA:268,10,1,0
BRDA:296,11,0,0
BRDA:296,11,1,0
BRDA:301,12,0,0
BRDA:301,12,1,0
BRDA:301,13,0,0
BRDA:301,13,1,0
BRDA:317,14,0,0
BRDA:317,14,1,0
BRDA:324,15,0,0
BRDA:324,15,1,0
BRF:32
BRH:0
end_of_record
TN:
SF:src/pages.config.js
FNF:0
FNH:0
DA:63,0
DA:125,0
LF:2
LH:0
BRF:0
BRH:0
end_of_record
TN:
SF:src/api/base44Client.js
FNF:0
FNH:0
DA:4,0
DA:7,0
LF:2
LH:0
BRF:0
BRH:0
end_of_record
TN:
SF:src/api/entities.js
FNF:0
FNH:0
DA:4,0
DA:9,0
LF:2
LH:0
BRF:0
BRH:0
end_of_record
TN:
SF:src/api/integrations.js
FNF:0
FNH:0
DA:6,0
DA:8,0
DA:10,0
DA:12,0
DA:14,0
DA:16,0
DA:18,0
LF:7
LH:0
BRF:0
BRH:0
end_of_record
TN:
SF:src/components/UserNotRegisteredError.jsx
FN:3,(anonymous_0)
FNF:1
FNH:0
FNDA:0,(anonymous_0)
DA:3,0
DA:4,0
LF:2
LH:0
BRF:0
BRH:0
end_of_record
TN:
SF:src/components/accessibility/AccessibilityProvider.jsx
FN:14,AccessibilityProvider
FN:26,(anonymous_1)
FN:33,(anonymous_2)
FN:40,(anonymous_3)
FN:77,(anonymous_4)
FN:81,(anonymous_5)
FN:83,(anonymous_6)
FN:87,(anonymous_7)
FN:89,(anonymous_8)
FN:98,(anonymous_9)
FN:101,(anonymous_10)
FN:114,useAccessibility
FNF:12
FNH:0
FNDA:0,AccessibilityProvider
FNDA:0,(anonymous_1)
FNDA:0,(anonymous_2)
FNDA:0,(anonymous_3)
FNDA:0,(anonymous_4)
FNDA:0,(anonymous_5)
FNDA:0,(anonymous_6)
FNDA:0,(anonymous_7)
FNDA:0,(anonymous_8)
FNDA:0,(anonymous_9)
FNDA:0,(anonymous_10)
FNDA:0,useAccessibility
DA:12,0
DA:15,0
DA:16,0
DA:24,0
DA:27,0
DA:28,0
DA:33,0
DA:34,0
DA:35,0
DA:40,0
DA:41,0
DA:44,0
DA:45,0
DA:46,0
DA:48,0
DA:49,0
DA:53,0
DA:54,0
DA:56,0
DA:60,0
DA:66,0
DA:69,0
DA:70,0
DA:72,0
DA:77,0
DA:78,0
DA:79,0
DA:81,0
DA:82,0
DA:83,0
DA:87,0
DA:88,0
DA:89,0
DA:93,0
DA:94,0
DA:97,0
DA:98,0
DA:101,0
DA:102,0
DA:103,0
DA:107,0
DA:115,0
DA:116,0
DA:117,0
DA:119,0
LF:45
LH:0
BRDA:28,0,0,0
BRDA:28,0,1,0
BRDA:34,1,0,0
BRDA:34,1,1,0
BRDA:44,2,0,0
BRDA:44,2,1,0
BRDA:53,3,0,0
BRDA:53,3,1,0
BRDA:66,4,0,0
BRDA:66,4,1,0
BRDA:69,5,0,0
BRDA:69,5,1,0
BRDA:82,6,0,0
BRDA:82,6,1,0
BRDA:82,7,0,0
BRDA:82,7,1,0
BRDA:88,8,0,0
BRDA:88,8,1,0
BRDA:88,9,0,0
BRDA:88,9,1,0
BRDA:97,10,0,0
BRDA:97,10,1,0
BRDA:97,11,0,0
BRDA:97,11,1,0
BRDA:116,12,0,0
BRDA:116,12,1,0
BRF:26
BRH:0
end_of_record
TN:
SF:src/components/activities/AIActivitySuggester.jsx
FN:20,AIActivitySuggester
FN:29,(anonymous_1)
FN:72,(anonymous_2)
FN:75,(anonymous_3)
FN:80,(anonymous_4)
FN:88,(anonymous_5)
FN:117,(anonymous_6)
FN:117,(anonymous_7)
FN:131,(anonymous_8)
FN:131,(anonymous_9)
FN:145,(anonymous_10)
FN:145,(anonymous_11)
FN:177,(anonymous_12)
FN:191,(anonymous_13)
FN:215,(anonymous_14)
FN:226,(anonymous_15)
FNF:16
FNH:0
FNDA:0,AIActivitySuggester
FNDA:0,(anonymous_1)
FNDA:0,(anonymous_2)
FNDA:0,(anonymous_3)
FNDA:0,(anonymous_4)
FNDA:0,(anonymous_5)
FNDA:0,(anonymous_6)
FNDA:0,(anonymous_7)
FNDA:0,(anonymous_8)
FNDA:0,(anonymous_9)
FNDA:0,(anonymous_10)
FNDA:0,(anonymous_11)
FNDA:0,(anonymous_12)
FNDA:0,(anonymous_13)
FNDA:0,(anonymous_14)
FNDA:0,(anonymous_15)
DA:21,0
DA:26,0
DA:28,0
DA:30,0
DA:44,0
DA:70,0
DA:73,0
DA:76,0
DA:80,0
DA:81,0
DA:82,0
DA:83,0
DA:85,0
DA:88,0
DA:89,0
DA:90,0
DA:91,0
DA:94,0
DA:117,0
DA:131,0
DA:145,0
DA:178,0
DA:192,0
DA:215,0
DA:226,0
LF:25
LH:0
BRDA:34,0,0,0
BRDA:34,0,1,0
BRDA:81,1,0,0
BRDA:81,1,1,0
BRDA:81,2,0,0
BRDA:81,2,1,0
BRDA:107,3,0,0
BRDA:107,3,1,0
BRDA:156,4,0,0
BRDA:156,4,1,0
BRDA:195,5,0,0
BRDA:195,5,1,0
BRF:12
BRH:0
end_of_record
TN:
SF:src/components/activities/ActivitiesFilters.jsx
FN:35,ActivitiesFilters
FN:69,(anonymous_1)
FN:76,(anonymous_2)
FN:89,(anonymous_3)
FN:94,(anonymous_4)
FN:107,(anonymous_5)
FN:135,(anonymous_6)
FN:144,(anonymous_7)
FN:158,(anonymous_8)
FN:167,(anonymous_9)
FN:181,(anonymous_10)
FN:190,(anonymous_11)
FN:205,(anonymous_12)
FN:214,(anonymous_13)
FN:236,(anonymous_14)
FN:240,(anonymous_15)
FN:249,(anonymous_16)
FN:261,(anonymous_17)
FN:286,(anonymous_18)
FN:290,(anonymous_19)
FN:299,(anonymous_20)
FN:311,(anonymous_21)
FNF:22
FNH:0
FNDA:0,ActivitiesFilters
FNDA:0,(anonymous_1)
FNDA:0,(anonymous_2)
FNDA:0,(anonymous_3)
FNDA:0,(anonymous_4)
FNDA:0,(anonymous_5)
FNDA:0,(anonymous_6)
FNDA:0,(anonymous_7)
FNDA:0,(anonymous_8)
FNDA:0,(anonymous_9)
FNDA:0,(anonymous_10)
FNDA:0,(anonymous_11)
FNDA:0,(anonymous_12)
FNDA:0,(anonymous_13)
FNDA:0,(anonymous_14)
FNDA:0,(anonymous_15)
FNDA:0,(anonymous_16)
FNDA:0,(anonymous_17)
FNDA:0,(anonymous_18)
FNDA:0,(anonymous_19)
FNDA:0,(anonymous_20)
FNDA:0,(anonymous_21)
DA:20,0
DA:21,0
DA:22,0
DA:23,0
DA:25,0
DA:60,0
DA:65,0
DA:66,0
DA:69,0
DA:70,0
DA:71,0
DA:76,0
DA:77,0
DA:80,0
DA:89,0
DA:95,0
DA:96,0
DA:107,0
DA:136,0
DA:144,0
DA:159,0
DA:167,0
DA:182,0
DA:190,0
DA:206,0
DA:214,0
DA:236,0
DA:241,0
DA:249,0
DA:262,0
DA:286,0
DA:291,0
DA:299,0
DA:312,0
LF:34
LH:0
BRDA:54,0,0,0
BRDA:55,1,0,0
BRDA:60,2,0,0
BRDA:60,2,1,0
BRDA:60,2,2,0
BRDA:60,2,3,0
BRDA:60,2,4,0
BRDA:60,2,5,0
BRDA:60,2,6,0
BRDA:60,2,7,0
BRDA:70,3,0,0
BRDA:70,3,1,0
BRDA:92,4,0,0
BRDA:92,4,1,0
BRDA:105,5,0,0
BRDA:105,5,1,0
BRDA:106,6,0,0
BRDA:106,6,1,0
BRDA:109,7,0,0
BRDA:109,7,1,0
BRDA:138,8,0,0
BRDA:138,8,1,0
BRDA:140,9,0,0
BRDA:140,9,1,0
BRDA:146,10,0,0
BRDA:146,10,1,0
BRDA:161,11,0,0
BRDA:161,11,1,0
BRDA:163,12,0,0
BRDA:163,12,1,0
BRDA:169,13,0,0
BRDA:169,13,1,0
BRDA:184,14,0,0
BRDA:184,14,1,0
BRDA:186,15,0,0
BRDA:186,15,1,0
BRDA:192,16,0,0
BRDA:192,16,1,0
BRDA:208,17,0,0
BRDA:208,17,1,0
BRDA:210,18,0,0
BRDA:210,18,1,0
BRDA:216,19,0,0
BRDA:216,19,1,0
BRDA:216,20,0,0
BRDA:216,20,1,0
BRDA:221,21,0,0
BRDA:221,21,1,0
BRDA:230,22,0,0
BRDA:230,22,1,0
BRDA:232,23,0,0
BRDA:232,23,1,0
BRDA:243,24,0,0
BRDA:243,24,1,0
BRDA:245,25,0,0
BRDA:245,25,1,0
BRDA:254,26,0,0
BRDA:254,26,1,0
BRDA:273,27,0,0
BRDA:273,27,1,0
BRDA:280,28,0,0
BRDA:280,28,1,0
BRDA:282,29,0,0
BRDA:282,29,1,0
BRDA:293,30,0,0
BRDA:293,30,1,0
BRDA:295,31,0,0
BRDA:295,31,1,0
BRDA:304,32,0,0
BRDA:304,32,1,0
BRDA:321,33,0,0
BRDA:321,33,1,0
BRF:72
BRH:0
end_of_record
TN:
SF:src/components/activities/ActivitiesHeader.jsx
FN:10,ActivitiesHeader
FNF:1
FNH:0
FNDA:0,ActivitiesHeader
DA:18,0
LF:1
LH:0
BRDA:16,0,0,0
BRDA:30,1,0,0
BRDA:30,1,1,0
BRF:3
BRH:0
end_of_record
TN:
SF:src/components/activities/ActivityCard.jsx
FN:31,ActivityCard
FN:37,(anonymous_1)
FN:53,(anonymous_2)
FN:57,(anonymous_3)
FN:62,(anonymous_4)
FN:77,(anonymous_5)
FN:148,(anonymous_6)
FN:171,(anonymous_7)
FN:182,(anonymous_8)
FN:194,(anonymous_9)
FNF:10
FNH:0
FNDA:0,ActivityCard
FNDA:0,(anonymous_1)
FNDA:0,(anonymous_2)
FNDA:0,(anonymous_3)
FNDA:0,(anonymous_4)
FNDA:0,(anonymous_5)
FNDA:0,(anonymous_6)
FNDA:0,(anonymous_7)
FNDA:0,(anonymous_8)
FNDA:0,(anonymous_9)
DA:10,0
DA:22,0
DA:32,0
DA:33,0
DA:34,0
DA:36,0
DA:38,0
DA:39,0
DA:43,0
DA:44,0
DA:47,0
DA:54,0
DA:55,0
DA:58,0
DA:62,0
DA:63,0
DA:64,0
DA:67,0
DA:77,0
DA:149,0
DA:172,0
DA:173,0
DA:183,0
DA:184,0
DA:195,0
DA:196,0
LF:26
LH:0
BRDA:31,0,0,0
BRDA:31,1,0,0
BRDA:31,2,0,0
BRDA:33,3,0,0
BRDA:33,3,1,0
BRDA:34,4,0,0
BRDA:34,4,1,0
BRDA:34,4,2,0
BRDA:38,5,0,0
BRDA:38,5,1,0
BRDA:43,6,0,0
BRDA:43,6,1,0
BRDA:55,7,0,0
BRDA:55,7,1,0
BRDA:99,8,0,0
BRDA:99,8,1,0
BRDA:122,9,0,0
BRDA:122,9,1,0
BRDA:131,10,0,0
BRDA:131,10,1,0
BRDA:137,11,0,0
BRDA:137,11,1,0
BRDA:146,12,0,0
BRDA:146,12,1,0
BRDA:157,13,0,0
BRDA:157,13,1,0
BRDA:192,14,0,0
BRDA:192,14,1,0
BRDA:192,14,2,0
BRF:29
BRH:0
end_of_record
TN:
SF:src/components/activities/ActivityDetailDialog.jsx
FN:18,ActivityDetailDialog
FN:26,(anonymous_1)
FN:31,(anonymous_2)
FN:37,(anonymous_3)
FN:79,(anonymous_4)
FN:92,(anonymous_5)
FNF:6
FNH:0
FNDA:0,ActivityDetailDialog
FNDA:0,(anonymous_1)
FNDA:0,(anonymous_2)
FNDA:0,(anonymous_3)
FNDA:0,(anonymous_4)
FNDA:0,(anonymous_5)
DA:24,0
DA:26,0
DA:27,0
DA:28,0
DA:31,0
DA:32,0
DA:33,0
DA:36,0
DA:37,0
DA:80,0
DA:93,0
LF:11
LH:0
BRDA:24,0,0,0
BRDA:24,0,1,0
BRDA:45,1,0,0
BRDA:45,1,1,0
BRDA:58,2,0,0
BRDA:58,2,1,0
BRDA:65,3,0,0
BRDA:65,3,1,0
BRDA:72,4,0,0
BRDA:72,4,1,0
BRDA:88,5,0,0
BRDA:88,5,1,0
BRF:12
BRH:0
end_of_record
TN:
SF:src/components/activities/ModuleBuilder.jsx
FN:28,ModuleBuilder
FN:43,(anonymous_1)
FN:48,(anonymous_2)
FN:49,(anonymous_3)
FN:50,(anonymous_4)
FN:52,(anonymous_5)
FN:69,(anonymous_6)
FN:77,(anonymous_7)
FN:78,(anonymous_8)
FN:80,(anonymous_9)
FN:84,(anonymous_10)
FN:85,(anonymous_11)
FN:85,(anonymous_12)
FN:88,(anonymous_13)
FN:97,(anonymous_14)
FN:105,(anonymous_15)
FN:113,(anonymous_16)
FN:150,(anonymous_17)
FN:150,(anonymous_18)
FN:154,(anonymous_19)
FN:168,(anonymous_20)
FN:176,(anonymous_21)
FN:205,(anonymous_22)
FN:205,(anonymous_23)
FN:217,(anonymous_24)
FN:224,(anonymous_25)
FN:230,(anonymous_26)
FN:253,(anonymous_27)
FN:285,(anonymous_28)
FN:285,(anonymous_29)
FN:293,(anonymous_30)
FN:293,(anonymous_31)
FN:303,(anonymous_32)
FN:303,(anonymous_33)
FN:322,(anonymous_34)
FN:322,(anonymous_35)
FN:369,(anonymous_36)
FN:377,(anonymous_37)
FN:393,(anonymous_38)
FN:418,(anonymous_39)
FN:424,(anonymous_40)
FN:434,(anonymous_41)
FN:443,(anonymous_42)
FNF:43
FNH:0
FNDA:0,ModuleBuilder
FNDA:0,(anonymous_1)
FNDA:0,(anonymous_2)
FNDA:0,(anonymous_3)
FNDA:0,(anonymous_4)
FNDA:0,(anonymous_5)
FNDA:0,(anonymous_6)
FNDA:0,(anonymous_7)
FNDA:0,(anonymous_8)
FNDA:0,(anonymous_9)
FNDA:0,(anonymous_10)
FNDA:0,(anonymous_11)
FNDA:0,(anonymous_12)
FNDA:0,(anonymous_13)
FNDA:0,(anonymous_14)
FNDA:0,(anonymous_15)
FNDA:0,(anonymous_16)
FNDA:0,(anonymous_17)
FNDA:0,(anonymous_18)
FNDA:0,(anonymous_19)
FNDA:0,(anonymous_20)
FNDA:0,(anonymous_21)
FNDA:0,(anonymous_22)
FNDA:0,(anonymous_23)
FNDA:0,(anonymous_24)
FNDA:0,(anonymous_25)
FNDA:0,(anonymous_26)
FNDA:0,(anonymous_27)
FNDA:0,(anonymous_28)
FNDA:0,(anonymous_29)
FNDA:0,(anonymous_30)
FNDA:0,(anonymous_31)
FNDA:0,(anonymous_32)
FNDA:0,(anonymous_33)
FNDA:0,(anonymous_34)
FNDA:0,(anonymous_35)
FNDA:0,(anonymous_36)
FNDA:0,(anonymous_37)
FNDA:0,(anonymous_38)
FNDA:0,(anonymous_39)
FNDA:0,(anonymous_40)
FNDA:0,(anonymous_41)
FNDA:0,(anonymous_42)
DA:29,0
DA:30,0
DA:37,0
DA:38,0
DA:39,0
DA:41,0
DA:43,0
DA:47,0
DA:49,0
DA:50,0
DA:51,0
DA:52,0
DA:55,0
DA:67,0
DA:70,0
DA:71,0
DA:72,0
DA:73,0
DA:77,0
DA:78,0
DA:79,0
DA:80,0
DA:84,0
DA:85,0
DA:88,0
DA:89,0
DA:90,0
DA:91,0
DA:92,0
DA:93,0
DA:97,0
DA:98,0
DA:99,0
DA:100,0
DA:102,0
DA:105,0
DA:106,0
DA:107,0
DA:108,0
DA:111,0
DA:112,0
DA:113,0
DA:122,0
DA:149,0
DA:150,0
DA:153,0
DA:154,0
DA:160,0
DA:162,0
DA:164,0
DA:168,0
DA:169,0
DA:170,0
DA:171,0
DA:174,0
DA:175,0
DA:176,0
DA:184,0
DA:204,0
DA:205,0
DA:208,0
DA:209,0
DA:211,0
DA:213,0
DA:217,0
DA:218,0
DA:219,0
DA:220,0
DA:221,0
DA:224,0
DA:225,0
DA:226,0
DA:227,0
DA:230,0
DA:232,0
DA:253,0
DA:285,0
DA:293,0
DA:303,0
DA:322,0
DA:370,0
DA:377,0
DA:393,0
DA:419,0
DA:425,0
DA:435,0
DA:443,0
LF:87
LH:0
BRDA:41,0,0,0
BRDA:49,1,0,0
BRDA:49,1,1,0
BRDA:60,2,0,0
BRDA:60,2,1,0
BRDA:60,3,0,0
BRDA:60,3,1,0
BRDA:61,4,0,0
BRDA:61,4,1,0
BRDA:79,5,0,0
BRDA:79,5,1,0
BRDA:90,6,0,0
BRDA:90,6,1,0
BRDA:91,7,0,0
BRDA:91,7,1,0
BRDA:91,8,0,0
BRDA:91,8,1,0
BRDA:98,9,0,0
BRDA:98,9,1,0
BRDA:98,10,0,0
BRDA:98,10,1,0
BRDA:106,11,0,0
BRDA:106,11,1,0
BRDA:156,12,0,0
BRDA:156,12,1,0
BRDA:157,13,0,0
BRDA:157,13,1,0
BRDA:169,14,0,0
BRDA:169,14,1,0
BRDA:189,15,0,0
BRDA:189,15,1,0
BRDA:189,16,0,0
BRDA:189,16,1,0
BRDA:225,17,0,0
BRDA:225,17,1,0
BRDA:230,18,0,0
BRDA:230,18,1,0
BRDA:260,19,0,0
BRDA:260,19,1,0
BRDA:264,20,0,0
BRDA:264,20,1,0
BRDA:351,21,0,0
BRDA:351,21,1,0
BRDA:363,22,0,0
BRDA:363,22,1,0
BRDA:405,23,0,0
BRDA:405,23,1,0
BRF:47
BRH:0
end_of_record
TN:
SF:src/components/activities/useActivityFilters.jsx
FN:20,useActivityFilters
FN:24,(anonymous_1)
FN:25,(anonymous_2)
FN:29,(anonymous_3)
FN:30,(anonymous_4)
FN:34,(anonymous_5)
FN:40,(anonymous_6)
FN:43,(anonymous_7)
FN:49,(anonymous_8)
FN:54,(anonymous_9)
FN:59,(anonymous_10)
FN:64,(anonymous_11)
FN:70,(anonymous_12)
FN:72,(anonymous_13)
FN:78,(anonymous_14)
FN:83,(anonymous_15)
FN:87,(anonymous_16)
FN:108,(anonymous_17)
FN:109,(anonymous_18)
FN:113,(anonymous_19)
FN:118,(anonymous_20)
FN:143,(anonymous_21)
FN:144,(anonymous_22)
FN:145,(anonymous_23)
FN:146,(anonymous_24)
FN:147,(anonymous_25)
FN:148,(anonymous_26)
FN:149,(anonymous_27)
FN:150,(anonymous_28)
FN:151,(anonymous_29)
FNF:30
FNH:0
FNDA:0,useActivityFilters
FNDA:0,(anonymous_1)
FNDA:0,(anonymous_2)
FNDA:0,(anonymous_3)
FNDA:0,(anonymous_4)
FNDA:0,(anonymous_5)
FNDA:0,(anonymous_6)
FNDA:0,(anonymous_7)
FNDA:0,(anonymous_8)
FNDA:0,(anonymous_9)
FNDA:0,(anonymous_10)
FNDA:0,(anonymous_11)
FNDA:0,(anonymous_12)
FNDA:0,(anonymous_13)
FNDA:0,(anonymous_14)
FNDA:0,(anonymous_15)
FNDA:0,(anonymous_16)
FNDA:0,(anonymous_17)
FNDA:0,(anonymous_18)
FNDA:0,(anonymous_19)
FNDA:0,(anonymous_20)
FNDA:0,(anonymous_21)
FNDA:0,(anonymous_22)
FNDA:0,(anonymous_23)
FNDA:0,(anonymous_24)
FNDA:0,(anonymous_25)
FNDA:0,(anonymous_26)
FNDA:0,(anonymous_27)
FNDA:0,(anonymous_28)
FNDA:0,(anonymous_29)
DA:8,0
DA:21,0
DA:24,0
DA:25,0
DA:29,0
DA:30,0
DA:34,0
DA:35,0
DA:38,0
DA:39,0
DA:40,0
DA:41,0
DA:43,0
DA:48,0
DA:49,0
DA:53,0
DA:54,0
DA:58,0
DA:59,0
DA:63,0
DA:64,0
DA:68,0
DA:69,0
DA:70,0
DA:71,0
DA:72,0
DA:77,0
DA:78,0
DA:82,0
DA:83,0
DA:87,0
DA:88,0
DA:90,0
DA:92,0
DA:94,0
DA:96,0
DA:98,0
DA:100,0
DA:104,0
DA:108,0
DA:109,0
DA:113,0
DA:114,0
DA:118,0
DA:119,0
DA:129,0
DA:143,0
DA:144,0
DA:145,0
DA:146,0
DA:147,0
DA:148,0
DA:149,0
DA:150,0
DA:151,0
LF:55
LH:0
BRDA:20,0,0,0
BRDA:20,1,0,0
BRDA:25,2,0,0
BRDA:25,2,1,0
BRDA:38,3,0,0
BRDA:38,3,1,0
BRDA:41,4,0,0
BRDA:41,4,1,0
BRDA:41,4,2,0
BRDA:48,5,0,0
BRDA:48,5,1,0
BRDA:53,6,0,0
BRDA:53,6,1,0
BRDA:58,7,0,0
BRDA:58,7,1,0
BRDA:63,8,0,0
BRDA:63,8,1,0
BRDA:68,9,0,0
BRDA:68,9,1,0
BRDA:69,10,0,0
BRDA:69,10,1,0
BRDA:70,11,0,0
BRDA:70,11,1,0
BRDA:71,12,0,0
BRDA:71,12,1,0
BRDA:72,13,0,0
BRDA:72,13,1,0
BRDA:77,14,0,0
BRDA:77,14,1,0
BRDA:82,15,0,0
BRDA:82,15,1,0
BRDA:88,16,0,0
BRDA:88,16,1,0
BRDA:88,16,2,0
BRDA:88,16,3,0
BRDA:88,16,4,0
BRDA:88,16,5,0
BRDA:94,17,0,0
BRDA:94,17,1,0
BRDA:94,18,0,0
BRDA:94,18,1,0
BRDA:119,19,0,0
BRDA:119,19,1,0
BRDA:119,19,2,0
BRDA:119,19,3,0
BRDA:119,19,4,0
BRDA:119,19,5,0
BRDA:119,19,6,0
BRDA:119,19,7,0
BRF:49
BRH:0
end_of_record
TN:
SF:src/components/admin/AIAdminAssistant.jsx
FN:12,AIAdminAssistant
FN:18,(anonymous_1)
FN:22,(anonymous_2)
FN:27,(anonymous_3)
FN:68,(anonymous_4)
FN:74,(anonymous_5)
FN:96,(anonymous_6)
FN:100,(anonymous_7)
FN:138,(anonymous_8)
FN:151,(anonymous_9)
FNF:10
FNH:0
FNDA:0,AIAdminAssistant
FNDA:0,(anonymous_1)
FNDA:0,(anonymous_2)
FNDA:0,(anonymous_3)
FNDA:0,(anonymous_4)
FNDA:0,(anonymous_5)
FNDA:0,(anonymous_6)
FNDA:0,(anonymous_7)
FNDA:0,(anonymous_8)
FNDA:0,(anonymous_9)
DA:13,0
DA:14,0
DA:15,0
DA:17,0
DA:19,0
DA:20,0
DA:23,0
DA:24,0
DA:25,0
DA:27,0
DA:30,0
DA:57,0
DA:69,0
DA:70,0
DA:75,0
DA:76,0
DA:78,0
DA:96,0
DA:100,0
DA:139,0
DA:140,0
DA:152,0
LF:22
LH:0
BRDA:20,0,0,0
BRDA:20,0,1,0
BRDA:27,1,0,0
BRDA:27,1,1,0
BRDA:75,2,0,0
BRDA:75,2,1,0
BRDA:101,3,0,0
BRDA:101,3,1,0
BRDA:104,4,0,0
BRDA:104,4,1,0
BRDA:109,5,0,0
BRDA:109,5,1,0
BRDA:111,6,0,0
BRDA:111,6,1,0
BRDA:116,7,0,0
BRDA:116,7,1,0
BRDA:126,8,0,0
BRDA:126,8,1,0
BRDA:129,9,0,0
BRDA:129,9,1,0
BRDA:148,10,0,0
BRDA:148,10,1,0
BRDA:148,10,2,0
BRDA:154,11,0,0
BRDA:154,11,1,0
BRF:25
BRH:0
end_of_record
TN:
SF:src/components/admin/BulkUserImport.jsx
FN:14,BulkUserImport
FN:20,(anonymous_1)
FN:50,(anonymous_2)
FN:59,(anonymous_3)
FN:65,(anonymous_4)
FN:68,(anonymous_5)
FN:85,(anonymous_6)
FN:149,(anonymous_7)
FNF:8
FNH:0
FNDA:0,BulkUserImport
FNDA:0,(anonymous_1)
FNDA:0,(anonymous_2)
FNDA:0,(anonymous_3)
FNDA:0,(anonymous_4)
FNDA:0,(anonymous_5)
FNDA:0,(anonymous_6)
FNDA:0,(anonymous_7)
DA:15,0
DA:16,0
DA:17,0
DA:19,0
DA:22,0
DA:25,0
DA:45,0
DA:46,0
DA:50,0
DA:51,0
DA:53,0
DA:60,0
DA:61,0
DA:62,0
DA:63,0
DA:65,0
DA:68,0
DA:69,0
DA:70,0
DA:72,0
DA:73,0
DA:74,0
DA:77,0
DA:80,0
DA:81,0
DA:82,0
DA:85,0
DA:86,0
DA:87,0
DA:88,0
DA:89,0
DA:90,0
DA:91,0
DA:92,0
DA:93,0
DA:96,0
DA:149,0
LF:37
LH:0
BRDA:45,0,0,0
BRDA:45,0,1,0
BRDA:46,1,0,0
BRDA:46,1,1,0
BRDA:51,2,0,0
BRDA:51,2,1,0
BRDA:60,3,0,0
BRDA:60,3,1,0
BRDA:65,4,0,0
BRDA:65,4,1,0
BRDA:70,5,0,0
BRDA:70,5,1,0
BRDA:72,6,0,0
BRDA:72,6,1,0
BRDA:131,7,0,0
BRDA:131,7,1,0
BRDA:139,8,0,0
BRDA:139,8,1,0
BRDA:150,9,0,0
BRDA:150,9,1,0
BRDA:153,10,0,0
BRDA:153,10,1,0
BRF:22
BRH:0
end_of_record
TN:
SF:src/components/admin/CustomChallengeCreator.jsx
FN:13,CustomChallengeCreator
FN:24,(anonymous_1)
FN:32,(anonymous_2)
FN:46,(anonymous_3)
FN:53,(anonymous_4)
FN:85,(anonymous_5)
FN:94,(anonymous_6)
FN:106,(anonymous_7)
FN:115,(anonymous_8)
FN:124,(anonymous_9)
FN:140,(anonymous_10)
FN:148,(anonymous_11)
FNF:12
FNH:0
FNDA:0,CustomChallengeCreator
FNDA:0,(anonymous_1)
FNDA:0,(anonymous_2)
FNDA:0,(anonymous_3)
FNDA:0,(anonymous_4)
FNDA:0,(anonymous_5)
FNDA:0,(anonymous_6)
FNDA:0,(anonymous_7)
FNDA:0,(anonymous_8)
FNDA:0,(anonymous_9)
FNDA:0,(anonymous_10)
FNDA:0,(anonymous_11)
DA:14,0
DA:15,0
DA:23,0
DA:25,0
DA:33,0
DA:34,0
DA:35,0
DA:45,0
DA:47,0
DA:51,0
DA:55,0
DA:59,0
DA:85,0
DA:94,0
DA:106,0
DA:115,0
DA:124,0
DA:140,0
DA:148,0
LF:19
LH:0
BRDA:141,0,0,0
BRDA:141,0,1,0
BRF:2
BRH:0
end_of_record
TN:
SF:src/components/admin/GamificationConfigPanel.jsx
FN:57,GamificationConfigPanel
FN:64,(anonymous_1)
FN:70,(anonymous_2)
FN:77,(anonymous_3)
FN:84,(anonymous_4)
FN:90,(anonymous_5)
FN:91,(anonymous_6)
FN:97,(anonymous_7)
FN:98,(anonymous_8)
FN:104,(anonymous_9)
FN:105,(anonymous_10)
FN:111,(anonymous_11)
FN:112,(anonymous_12)
FN:118,(anonymous_13)
FN:126,(anonymous_14)
FN:132,(anonymous_15)
FN:141,(anonymous_16)
FN:163,(anonymous_17)
FN:184,(anonymous_18)
FN:197,(anonymous_19)
FN:214,(anonymous_20)
FN:219,(anonymous_21)
FN:229,(anonymous_22)
FN:234,(anonymous_23)
FN:244,(anonymous_24)
FN:249,(anonymous_25)
FN:260,(anonymous_26)
FN:277,(anonymous_27)
FN:299,(anonymous_28)
FN:333,(anonymous_29)
FN:339,(anonymous_30)
FN:354,(anonymous_31)
FN:361,(anonymous_32)
FN:377,(anonymous_33)
FN:402,(anonymous_34)
FN:408,(anonymous_35)
FN:411,(anonymous_36)
FN:420,(anonymous_37)
FN:423,(anonymous_38)
FN:436,(anonymous_39)
FN:437,(anonymous_40)
FN:438,(anonymous_41)
FN:469,(anonymous_42)
FN:476,(anonymous_43)
FN:479,(anonymous_44)
FN:486,(anonymous_45)
FN:489,(anonymous_46)
FN:495,(anonymous_47)
FN:498,(anonymous_48)
FN:516,(anonymous_49)
FN:517,(anonymous_50)
FN:518,(anonymous_51)
FNF:52
FNH:0
FNDA:0,GamificationConfigPanel
FNDA:0,(anonymous_1)
FNDA:0,(anonymous_2)
FNDA:0,(anonymous_3)
FNDA:0,(anonymous_4)
FNDA:0,(anonymous_5)
FNDA:0,(anonymous_6)
FNDA:0,(anonymous_7)
FNDA:0,(anonymous_8)
FNDA:0,(anonymous_9)
FNDA:0,(anonymous_10)
FNDA:0,(anonymous_11)
FNDA:0,(anonymous_12)
FNDA:0,(anonymous_13)
FNDA:0,(anonymous_14)
FNDA:0,(anonymous_15)
FNDA:0,(anonymous_16)
FNDA:0,(anonymous_17)
FNDA:0,(anonymous_18)
FNDA:0,(anonymous_19)
FNDA:0,(anonymous_20)
FNDA:0,(anonymous_21)
FNDA:0,(anonymous_22)
FNDA:0,(anonymous_23)
FNDA:0,(anonymous_24)
FNDA:0,(anonymous_25)
FNDA:0,(anonymous_26)
FNDA:0,(anonymous_27)
FNDA:0,(anonymous_28)
FNDA:0,(anonymous_29)
FNDA:0,(anonymous_30)
FNDA:0,(anonymous_31)
FNDA:0,(anonymous_32)
FNDA:0,(anonymous_33)
FNDA:0,(anonymous_34)
FNDA:0,(anonymous_35)
FNDA:0,(anonymous_36)
FNDA:0,(anonymous_37)
FNDA:0,(anonymous_38)
FNDA:0,(anonymous_39)
FNDA:0,(anonymous_40)
FNDA:0,(anonymous_41)
FNDA:0,(anonymous_42)
FNDA:0,(anonymous_43)
FNDA:0,(anonymous_44)
FNDA:0,(anonymous_45)
FNDA:0,(anonymous_46)
FNDA:0,(anonymous_47)
FNDA:0,(anonymous_48)
FNDA:0,(anonymous_49)
FNDA:0,(anonymous_50)
FNDA:0,(anonymous_51)
DA:18,0
DA:58,0
DA:59,0
DA:60,0
DA:62,0
DA:65,0
DA:66,0
DA:70,0
DA:71,0
DA:72,0
DA:76,0
DA:78,0
DA:79,0
DA:81,0
DA:85,0
DA:86,0
DA:90,0
DA:91,0
DA:97,0
DA:98,0
DA:104,0
DA:105,0
DA:111,0
DA:112,0
DA:118,0
DA:119,0
DA:126,0
DA:132,0
DA:133,0
DA:141,0
DA:147,0
DA:148,0
DA:155,0
DA:163,0
DA:185,0
DA:197,0
DA:214,0
DA:219,0
DA:229,0
DA:234,0
DA:244,0
DA:249,0
DA:260,0
DA:277,0
DA:299,0
DA:334,0
DA:339,0
DA:354,0
DA:361,0
DA:377,0
DA:403,0
DA:409,0
DA:410,0
DA:411,0
DA:421,0
DA:422,0
DA:423,0
DA:437,0
DA:438,0
DA:470,0
DA:477,0
DA:478,0
DA:479,0
DA:487,0
DA:488,0
DA:489,0
DA:496,0
DA:497,0
DA:498,0
DA:517,0
DA:518,0
LF:71
LH:0
BRDA:66,0,0,0
BRDA:66,0,1,0
BRDA:71,1,0,0
BRDA:71,1,1,0
BRDA:78,2,0,0
BRDA:78,2,1,0
BRDA:107,3,0,0
BRDA:107,3,1,0
BRDA:128,4,0,0
BRDA:128,4,1,0
BRDA:143,5,0,0
BRDA:143,5,1,0
BRDA:147,6,0,0
BRDA:147,6,1,0
BRDA:168,7,0,0
BRDA:168,7,1,0
BRDA:184,8,0,0
BRDA:184,8,1,0
BRDA:192,9,0,0
BRDA:192,9,1,0
BRDA:213,10,0,0
BRDA:213,10,1,0
BRDA:218,11,0,0
BRDA:218,11,1,0
BRDA:228,12,0,0
BRDA:228,12,1,0
BRDA:233,13,0,0
BRDA:233,13,1,0
BRDA:243,14,0,0
BRDA:243,14,1,0
BRDA:248,15,0,0
BRDA:248,15,1,0
BRDA:259,16,0,0
BRDA:259,16,1,0
BRDA:276,17,0,0
BRDA:276,17,1,0
BRDA:298,18,0,0
BRDA:298,18,1,0
BRDA:333,19,0,0
BRDA:333,19,1,0
BRDA:353,20,0,0
BRDA:353,20,1,0
BRDA:360,21,0,0
BRDA:360,21,1,0
BRDA:374,22,0,0
BRDA:374,22,1,0
BRDA:376,23,0,0
BRDA:376,23,1,0
BRDA:402,24,0,0
BRDA:402,24,1,0
BRDA:422,25,0,0
BRDA:422,25,1,0
BRDA:445,26,0,0
BRDA:445,26,1,0
BRDA:447,27,0,0
BRDA:447,27,1,0
BRDA:469,28,0,0
BRDA:469,28,1,0
BRDA:525,29,0,0
BRDA:525,29,1,0
BRDA:527,30,0,0
BRDA:527,30,1,0
BRF:62
BRH:0
end_of_record
TN:
SF:src/components/admin/PointsAdjustment.jsx
FN:23,PointsAdjustment
FN:30,(anonymous_1)
FN:31,(anonymous_2)
FN:39,(anonymous_3)
FN:42,(anonymous_4)
FN:105,(anonymous_5)
FN:116,(anonymous_6)
FNF:7
FNH:0
FNDA:0,PointsAdjustment
FNDA:0,(anonymous_1)
FNDA:0,(anonymous_2)
FNDA:0,(anonymous_3)
FNDA:0,(anonymous_4)
FNDA:0,(anonymous_5)
FNDA:0,(anonymous_6)
DA:24,0
DA:25,0
DA:26,0
DA:27,0
DA:29,0
DA:30,0
DA:32,0
DA:33,0
DA:34,0
DA:35,0
DA:36,0
DA:37,0
DA:39,0
DA:42,0
DA:43,0
DA:44,0
DA:45,0
DA:46,0
DA:48,0
DA:49,0
DA:50,0
DA:53,0
DA:61,0
DA:63,0
DA:105,0
DA:116,0
LF:26
LH:0
BRDA:23,0,0,0
BRDA:32,1,0,0
BRDA:32,1,1,0
BRDA:39,2,0,0
BRDA:39,2,1,0
BRDA:44,3,0,0
BRDA:44,3,1,0
BRDA:44,4,0,0
BRDA:44,4,1,0
BRDA:48,5,0,0
BRDA:48,5,1,0
BRDA:55,6,0,0
BRDA:55,6,1,0
BRDA:61,7,0,0
BRDA:61,7,1,0
BRDA:61,8,0,0
BRDA:61,8,1,0
BRDA:61,9,0,0
BRDA:61,9,1,0
BRDA:123,10,0,0
BRDA:123,10,1,0
BRDA:124,11,0,0
BRDA:124,11,1,0
BRDA:126,12,0,0
BRDA:126,12,1,0
BRDA:128,13,0,0
BRDA:128,13,1,0
BRDA:133,14,0,0
BRDA:133,14,1,0
BRDA:143,15,0,0
BRDA:143,15,1,0
BRDA:143,15,2,0
BRDA:146,16,0,0
BRDA:146,16,1,0
BRDA:146,17,0,0
BRDA:146,17,1,0
BRF:36
BRH:0
end_of_record
TN:
SF:src/components/admin/PredictiveHealthDashboard.jsx
FN:12,PredictiveHealthDashboard
FN:16,(anonymous_1)
FN:20,(anonymous_2)
FN:25,(anonymous_3)
FN:29,(anonymous_4)
FN:44,(anonymous_5)
FN:123,(anonymous_6)
FN:160,(anonymous_7)
FN:183,(anonymous_8)
FNF:9
FNH:0
FNDA:0,PredictiveHealthDashboard
FNDA:0,(anonymous_1)
FNDA:0,(anonymous_2)
FNDA:0,(anonymous_3)
FNDA:0,(anonymous_4)
FNDA:0,(anonymous_5)
FNDA:0,(anonymous_6)
FNDA:0,(anonymous_7)
FNDA:0,(anonymous_8)
DA:13,0
DA:15,0
DA:17,0
DA:18,0
DA:20,0
DA:23,0
DA:25,0
DA:29,0
DA:30,0
DA:33,0
DA:44,0
DA:124,0
DA:161,0
DA:184,0
LF:14
LH:0
BRDA:18,0,0,0
BRDA:18,0,1,0
BRDA:56,1,0,0
BRDA:56,1,1,0
BRDA:63,2,0,0
BRDA:63,2,1,0
BRDA:65,3,0,0
BRDA:65,3,1,0
BRDA:75,4,0,0
BRDA:75,4,1,0
BRDA:76,5,0,0
BRDA:76,5,1,0
BRDA:78,6,0,0
BRDA:78,6,1,0
BRDA:79,7,0,0
BRDA:79,7,1,0
BRDA:103,8,0,0
BRDA:103,8,1,0
BRDA:104,9,0,0
BRDA:104,9,1,0
BRDA:114,10,0,0
BRDA:114,10,1,0
BRDA:114,10,2,0
BRDA:133,11,0,0
BRDA:133,11,1,0
BRDA:134,12,0,0
BRDA:134,12,1,0
BRDA:140,13,0,0
BRDA:140,13,1,0
BRDA:141,14,0,0
BRDA:141,14,1,0
BRDA:154,15,0,0
BRDA:154,15,1,0
BRDA:154,15,2,0
BRDA:177,16,0,0
BRDA:177,16,1,0
BRDA:177,16,2,0
BRDA:188,17,0,0
BRDA:188,17,1,0
BRDA:189,18,0,0
BRDA:189,18,1,0
BRF:41
BRH:0
end_of_record
TN:
SF:src/components/admin/RoleManagement.jsx
FN:69,RoleManagement
FN:88,(anonymous_1)
FN:93,(anonymous_2)
FN:98,(anonymous_3)
FN:102,(anonymous_4)
FN:103,(anonymous_5)
FN:112,(anonymous_6)
FN:113,(anonymous_7)
FN:122,(anonymous_8)
FN:123,(anonymous_9)
FN:130,(anonymous_10)
FN:131,(anonymous_11)
FN:138,(anonymous_12)
FN:147,(anonymous_13)
FN:148,(anonymous_14)
FN:154,(anonymous_15)
FN:165,(anonymous_16)
FN:177,(anonymous_17)
FN:178,(anonymous_18)
FN:190,(anonymous_19)
FN:198,(anonymous_20)
FN:199,(anonymous_21)
FN:211,(anonymous_22)
FN:217,(anonymous_23)
FN:240,(anonymous_24)
FN:263,(anonymous_25)
FN:279,(anonymous_26)
FN:289,(anonymous_27)
FN:327,(anonymous_28)
FN:328,(anonymous_29)
FN:329,(anonymous_30)
FN:354,(anonymous_31)
FN:385,(anonymous_32)
FN:385,(anonymous_33)
FN:393,(anonymous_34)
FN:393,(anonymous_35)
FN:404,(anonymous_36)
FN:404,(anonymous_37)
FN:414,(anonymous_38)
FN:414,(anonymous_39)
FN:423,(anonymous_40)
FN:430,(anonymous_41)
FN:435,(anonymous_42)
FN:445,(anonymous_43)
FN:472,(anonymous_44)
FN:472,(anonymous_45)
FN:478,(anonymous_46)
FN:491,(anonymous_47)
FN:491,(anonymous_48)
FN:497,(anonymous_49)
FN:507,(anonymous_50)
FN:512,(anonymous_51)
FNF:52
FNH:0
FNDA:0,RoleManagement
FNDA:0,(anonymous_1)
FNDA:0,(anonymous_2)
FNDA:0,(anonymous_3)
FNDA:0,(anonymous_4)
FNDA:0,(anonymous_5)
FNDA:0,(anonymous_6)
FNDA:0,(anonymous_7)
FNDA:0,(anonymous_8)
FNDA:0,(anonymous_9)
FNDA:0,(anonymous_10)
FNDA:0,(anonymous_11)
FNDA:0,(anonymous_12)
FNDA:0,(anonymous_13)
FNDA:0,(anonymous_14)
FNDA:0,(anonymous_15)
FNDA:0,(anonymous_16)
FNDA:0,(anonymous_17)
FNDA:0,(anonymous_18)
FNDA:0,(anonymous_19)
FNDA:0,(anonymous_20)
FNDA:0,(anonymous_21)
FNDA:0,(anonymous_22)
FNDA:0,(anonymous_23)
FNDA:0,(anonymous_24)
FNDA:0,(anonymous_25)
FNDA:0,(anonymous_26)
FNDA:0,(anonymous_27)
FNDA:0,(anonymous_28)
FNDA:0,(anonymous_29)
FNDA:0,(anonymous_30)
FNDA:0,(anonymous_31)
FNDA:0,(anonymous_32)
FNDA:0,(anonymous_33)
FNDA:0,(anonymous_34)
FNDA:0,(anonymous_35)
FNDA:0,(anonymous_36)
FNDA:0,(anonymous_37)
FNDA:0,(anonymous_38)
FNDA:0,(anonymous_39)
FNDA:0,(anonymous_40)
FNDA:0,(anonymous_41)
FNDA:0,(anonymous_42)
FNDA:0,(anonymous_43)
FNDA:0,(anonymous_44)
FNDA:0,(anonymous_45)
FNDA:0,(anonymous_46)
FNDA:0,(anonymous_47)
FNDA:0,(anonymous_48)
FNDA:0,(anonymous_49)
FNDA:0,(anonymous_50)
FNDA:0,(anonymous_51)
DA:36,0
DA:70,0
DA:71,0
DA:72,0
DA:73,0
DA:74,0
DA:81,0
DA:86,0
DA:88,0
DA:91,0
DA:93,0
DA:96,0
DA:98,0
DA:101,0
DA:102,0
DA:104,0
DA:105,0
DA:106,0
DA:107,0
DA:111,0
DA:112,0
DA:114,0
DA:115,0
DA:116,0
DA:117,0
DA:121,0
DA:122,0
DA:124,0
DA:125,0
DA:129,0
DA:131,0
DA:132,0
DA:139,0
DA:140,0
DA:141,0
DA:142,0
DA:146,0
DA:147,0
DA:149,0
DA:150,0
DA:154,0
DA:155,0
DA:162,0
DA:165,0
DA:166,0
DA:167,0
DA:174,0
DA:177,0
DA:178,0
DA:190,0
DA:191,0
DA:192,0
DA:194,0
DA:198,0
DA:199,0
DA:202,0
DA:211,0
DA:218,0
DA:219,0
DA:241,0
DA:242,0
DA:264,0
DA:265,0
DA:266,0
DA:279,0
DA:289,0
DA:328,0
DA:329,0
DA:330,0
DA:354,0
DA:385,0
DA:393,0
DA:404,0
DA:414,0
DA:424,0
DA:431,0
DA:435,0
DA:445,0
DA:472,0
DA:479,0
DA:491,0
DA:498,0
DA:507,0
DA:512,0
LF:84
LH:0
BRDA:86,0,0,0
BRDA:91,1,0,0
BRDA:96,2,0,0
BRDA:170,3,0,0
BRDA:170,3,1,0
BRDA:171,4,0,0
BRDA:171,4,1,0
BRDA:172,5,0,0
BRDA:172,5,1,0
BRDA:191,6,0,0
BRDA:191,6,1,0
BRDA:229,7,0,0
BRDA:229,7,1,0
BRDA:233,8,0,0
BRDA:233,8,1,0
BRDA:250,9,0,0
BRDA:250,9,1,0
BRDA:254,10,0,0
BRDA:254,10,1,0
BRDA:263,11,0,0
BRDA:263,11,1,0
BRDA:265,12,0,0
BRDA:265,12,1,0
BRDA:284,13,0,0
BRDA:284,13,1,0
BRDA:320,14,0,0
BRDA:320,14,1,0
BRDA:334,15,0,0
BRDA:334,15,1,0
BRDA:339,16,0,0
BRDA:339,16,1,0
BRDA:342,17,0,0
BRDA:342,17,1,0
BRDA:345,18,0,0
BRDA:345,18,1,0
BRDA:346,19,0,0
BRDA:346,19,1,0
BRDA:373,20,0,0
BRDA:373,20,1,0
BRDA:414,21,0,0
BRDA:414,21,1,0
BRDA:434,22,0,0
BRDA:434,22,1,0
BRDA:453,23,0,0
BRDA:453,23,1,0
BRDA:513,24,0,0
BRDA:513,24,1,0
BRF:47
BRH:0
end_of_record
TN:
SF:src/components/admin/RoleManagementSetup.jsx
FN:94,RoleManagementSetup
FN:98,(anonymous_1)
FN:104,(anonymous_2)
FN:112,(anonymous_3)
FN:118,(anonymous_4)
FN:123,(anonymous_5)
FN:125,(anonymous_6)
FN:130,(anonymous_7)
FN:131,(anonymous_8)
FN:133,(anonymous_9)
FN:138,(anonymous_10)
FN:141,(anonymous_11)
FN:148,(anonymous_12)
FN:156,(anonymous_13)
FN:157,(anonymous_14)
FN:179,(anonymous_15)
FN:224,WelcomeStep
FN:290,RolesStep
FN:300,(anonymous_18)
FN:309,(anonymous_19)
FN:314,(anonymous_20)
FN:328,(anonymous_21)
FN:329,(anonymous_22)
FN:371,AssignStep
FN:390,(anonymous_24)
FN:442,CompleteStep
FNF:26
FNH:0
FNDA:0,RoleManagementSetup
FNDA:0,(anonymous_1)
FNDA:0,(anonymous_2)
FNDA:0,(anonymous_3)
FNDA:0,(anonymous_4)
FNDA:0,(anonymous_5)
FNDA:0,(anonymous_6)
FNDA:0,(anonymous_7)
FNDA:0,(anonymous_8)
FNDA:0,(anonymous_9)
FNDA:0,(anonymous_10)
FNDA:0,(anonymous_11)
FNDA:0,(anonymous_12)
FNDA:0,(anonymous_13)
FNDA:0,(anonymous_14)
FNDA:0,(anonymous_15)
FNDA:0,WelcomeStep
FNDA:0,RolesStep
FNDA:0,(anonymous_18)
FNDA:0,(anonymous_19)
FNDA:0,(anonymous_20)
FNDA:0,(anonymous_21)
FNDA:0,(anonymous_22)
FNDA:0,AssignStep
FNDA:0,(anonymous_24)
FNDA:0,CompleteStep
DA:24,0
DA:87,0
DA:95,0
DA:96,0
DA:97,0
DA:98,0
DA:100,0
DA:101,0
DA:103,0
DA:105,0
DA:106,0
DA:107,0
DA:108,0
DA:110,0
DA:113,0
DA:114,0
DA:115,0
DA:116,0
DA:119,0
DA:123,0
DA:124,0
DA:125,0
DA:126,0
DA:127,0
DA:130,0
DA:131,0
DA:132,0
DA:133,0
DA:138,0
DA:139,0
DA:141,0
DA:143,0
DA:148,0
DA:153,0
DA:156,0
DA:157,0
DA:161,0
DA:163,0
DA:167,0
DA:180,0
DA:181,0
DA:182,0
DA:184,0
DA:225,0
DA:291,0
DA:301,0
DA:309,0
DA:314,0
DA:329,0
DA:330,0
DA:331,0
DA:372,0
DA:391,0
DA:443,0
LF:54
LH:0
BRDA:132,0,0,0
BRDA:132,0,1,0
BRDA:139,1,0,0
BRDA:139,1,1,0
BRDA:139,1,2,0
BRDA:139,1,3,0
BRDA:139,1,4,0
BRDA:189,2,0,0
BRDA:189,2,1,0
BRDA:190,3,0,0
BRDA:190,3,1,0
BRDA:191,4,0,0
BRDA:191,4,1,0
BRDA:191,5,0,0
BRDA:191,5,1,0
BRDA:194,6,0,0
BRDA:194,6,1,0
BRDA:198,7,0,0
BRDA:198,7,1,0
BRDA:305,8,0,0
BRDA:305,8,1,0
BRDA:330,9,0,0
BRDA:330,9,1,0
BRDA:351,10,0,0
BRDA:351,10,1,0
BRDA:353,11,0,0
BRDA:353,11,1,0
BRDA:360,12,0,0
BRDA:360,12,1,0
BRF:29
BRH:0
end_of_record
TN:
SF:src/components/admin/SurveyManagement.jsx
FN:29,SurveyManagement
FN:37,(anonymous_1)
FN:41,(anonymous_2)
FN:42,(anonymous_3)
FN:56,(anonymous_4)
FN:69,(anonymous_5)
FN:108,(anonymous_6)
FN:120,(anonymous_7)
FN:130,(anonymous_8)
FN:146,(anonymous_9)
FN:165,SurveyBuilder
FN:188,(anonymous_11)
FN:194,(anonymous_12)
FN:201,(anonymous_13)
FN:207,(anonymous_14)
FN:223,(anonymous_15)
FN:224,(anonymous_16)
FN:226,(anonymous_17)
FN:244,(anonymous_18)
FN:253,(anonymous_19)
FN:264,(anonymous_20)
FN:283,(anonymous_21)
FN:294,(anonymous_22)
FN:309,(anonymous_23)
FN:318,(anonymous_24)
FN:332,(anonymous_25)
FN:338,(anonymous_26)
FN:344,(anonymous_27)
FN:355,(anonymous_28)
FN:367,(anonymous_29)
FN:373,(anonymous_30)
FN:383,(anonymous_31)
FN:385,(anonymous_32)
FN:401,(anonymous_33)
FN:405,(anonymous_34)
FNF:35
FNH:0
FNDA:0,SurveyManagement
FNDA:0,(anonymous_1)
FNDA:0,(anonymous_2)
FNDA:0,(anonymous_3)
FNDA:0,(anonymous_4)
FNDA:0,(anonymous_5)
FNDA:0,(anonymous_6)
FNDA:0,(anonymous_7)
FNDA:0,(anonymous_8)
FNDA:0,(anonymous_9)
FNDA:0,SurveyBuilder
FNDA:0,(anonymous_11)
FNDA:0,(anonymous_12)
FNDA:0,(anonymous_13)
FNDA:0,(anonymous_14)
FNDA:0,(anonymous_15)
FNDA:0,(anonymous_16)
FNDA:0,(anonymous_17)
FNDA:0,(anonymous_18)
FNDA:0,(anonymous_19)
FNDA:0,(anonymous_20)
FNDA:0,(anonymous_21)
FNDA:0,(anonymous_22)
FNDA:0,(anonymous_23)
FNDA:0,(anonymous_24)
FNDA:0,(anonymous_25)
FNDA:0,(anonymous_26)
FNDA:0,(anonymous_27)
FNDA:0,(anonymous_28)
FNDA:0,(anonymous_29)
FNDA:0,(anonymous_30)
FNDA:0,(anonymous_31)
FNDA:0,(anonymous_32)
FNDA:0,(anonymous_33)
FNDA:0,(anonymous_34)
DA:18,0
DA:30,0
DA:31,0
DA:32,0
DA:33,0
DA:35,0
DA:37,0
DA:40,0
DA:41,0
DA:43,0
DA:44,0
DA:48,0
DA:57,0
DA:58,0
DA:70,0
DA:109,0
DA:110,0
DA:121,0
DA:122,0
DA:130,0
DA:146,0
DA:166,0
DA:167,0
DA:177,0
DA:187,0
DA:189,0
DA:190,0
DA:192,0
DA:195,0
DA:196,0
DA:197,0
DA:201,0
DA:202,0
DA:203,0
DA:204,0
DA:207,0
DA:212,0
DA:223,0
DA:224,0
DA:226,0
DA:230,0
DA:244,0
DA:253,0
DA:264,0
DA:283,0
DA:294,0
DA:310,0
DA:318,0
DA:332,0
DA:338,0
DA:345,0
DA:355,0
DA:367,0
DA:373,0
DA:383,0
DA:385,0
DA:401,0
DA:405,0
LF:58
LH:0
BRDA:35,0,0,0
BRDA:75,1,0,0
BRDA:75,1,1,0
BRDA:76,2,0,0
BRDA:76,2,1,0
BRDA:86,3,0,0
BRDA:86,3,1,0
BRDA:90,4,0,0
BRDA:90,4,1,0
BRDA:92,5,0,0
BRDA:92,5,1,0
BRDA:98,6,0,0
BRDA:98,6,1,0
BRDA:155,7,0,0
BRDA:155,7,1,0
BRDA:167,8,0,0
BRDA:167,8,1,0
BRDA:189,9,0,0
BRDA:189,9,1,0
BRDA:196,10,0,0
BRDA:196,10,1,0
BRDA:202,11,0,0
BRDA:202,11,1,0
BRDA:234,12,0,0
BRDA:234,12,1,0
BRDA:288,13,0,0
BRDA:288,13,1,0
BRDA:313,14,0,0
BRDA:313,14,1,0
BRDA:359,15,0,0
BRDA:359,15,1,0
BRDA:359,15,2,0
BRDA:378,16,0,0
BRDA:378,16,1,0
BRDA:406,17,0,0
BRDA:406,17,1,0
BRDA:406,17,2,0
BRDA:409,18,0,0
BRDA:409,18,1,0
BRF:39
BRH:0
end_of_record
TN:
SF:src/components/admin/UserManagementPanel.jsx
FN:26,UserManagementPanel
FN:32,(anonymous_1)
FN:37,(anonymous_2)
FN:40,(anonymous_3)
FN:67,(anonymous_4)
FN:86,(anonymous_5)
FN:106,(anonymous_6)
FN:120,(anonymous_7)
FN:134,(anonymous_8)
FNF:9
FNH:0
FNDA:0,UserManagementPanel
FNDA:0,(anonymous_1)
FNDA:0,(anonymous_2)
FNDA:0,(anonymous_3)
FNDA:0,(anonymous_4)
FNDA:0,(anonymous_5)
FNDA:0,(anonymous_6)
FNDA:0,(anonymous_7)
FNDA:0,(anonymous_8)
DA:27,0
DA:30,0
DA:32,0
DA:36,0
DA:38,0
DA:41,0
DA:42,0
DA:46,0
DA:47,0
DA:50,0
DA:68,0
DA:86,0
DA:106,0
DA:120,0
DA:134,0
LF:15
LH:0
BRDA:30,0,0,0
BRDA:46,1,0,0
BRDA:46,1,1,0
BRDA:61,2,0,0
BRDA:61,2,1,0
BRDA:76,3,0,0
BRDA:76,3,1,0
BRDA:76,4,0,0
BRDA:76,4,1,0
BRDA:134,5,0,0
BRDA:134,5,1,0
BRF:11
BRH:0
end_of_record
TN:
SF:src/components/admin/UserTypeManager.jsx
FN:39,UserTypeManager
FN:46,(anonymous_1)
FN:50,(anonymous_2)
FN:54,(anonymous_3)
FN:58,(anonymous_4)
FN:63,(anonymous_5)
FN:68,(anonymous_6)
FN:81,(anonymous_7)
FN:88,(anonymous_8)
FN:92,(anonymous_9)
FN:107,(anonymous_10)
FN:121,(anonymous_11)
FN:127,(anonymous_12)
FN:146,(anonymous_13)
FN:188,(anonymous_14)
FN:216,(anonymous_15)
FN:222,(anonymous_16)
FNF:17
FNH:0
FNDA:0,UserTypeManager
FNDA:0,(anonymous_1)
FNDA:0,(anonymous_2)
FNDA:0,(anonymous_3)
FNDA:0,(anonymous_4)
FNDA:0,(anonymous_5)
FNDA:0,(anonymous_6)
FNDA:0,(anonymous_7)
FNDA:0,(anonymous_8)
FNDA:0,(anonymous_9)
FNDA:0,(anonymous_10)
FNDA:0,(anonymous_11)
FNDA:0,(anonymous_12)
FNDA:0,(anonymous_13)
FNDA:0,(anonymous_14)
FNDA:0,(anonymous_15)
FNDA:0,(anonymous_16)
DA:34,0
DA:40,0
DA:41,0
DA:42,0
DA:44,0
DA:46,0
DA:49,0
DA:52,0
DA:55,0
DA:56,0
DA:59,0
DA:63,0
DA:64,0
DA:68,0
DA:70,0
DA:74,0
DA:78,0
DA:81,0
DA:82,0
DA:83,0
DA:85,0
DA:86,0
DA:88,0
DA:89,0
DA:92,0
DA:94,0
DA:107,0
DA:121,0
DA:127,0
DA:146,0
DA:189,0
DA:216,0
DA:223,0
LF:33
LH:0
BRDA:44,0,0,0
BRDA:70,1,0,0
BRDA:70,1,1,0
BRDA:74,2,0,0
BRDA:74,2,1,0
BRDA:74,2,2,0
BRDA:74,2,3,0
BRDA:78,3,0,0
BRDA:78,3,1,0
BRDA:82,4,0,0
BRDA:82,4,1,0
BRDA:85,5,0,0
BRDA:85,5,1,0
BRDA:89,6,0,0
BRDA:89,6,1,0
BRDA:92,7,0,0
BRDA:92,7,1,0
BRDA:165,8,0,0
BRDA:165,8,1,0
BRDA:181,9,0,0
BRDA:181,9,1,0
BRDA:194,10,0,0
BRDA:194,10,1,0
BRDA:194,10,2,0
BRDA:198,11,0,0
BRDA:198,11,1,0
BRDA:206,12,0,0
BRDA:206,12,1,0
BRDA:213,13,0,0
BRDA:213,13,1,0
BRDA:215,14,0,0
BRDA:215,14,1,0
BRF:32
BRH:0
end_of_record
TN:
SF:src/components/admin/gamification/AIContentGenerator.jsx
FN:15,AIContentGenerator
FN:64,LearningPathGenerator
FN:71,(anonymous_2)
FN:82,(anonymous_3)
FN:86,(anonymous_4)
FN:91,(anonymous_5)
FN:111,(anonymous_6)
FN:190,(anonymous_7)
FN:199,(anonymous_8)
FN:215,QuizGenerator
FN:222,(anonymous_10)
FN:233,(anonymous_11)
FN:237,(anonymous_12)
FN:254,(anonymous_13)
FN:291,(anonymous_14)
FN:321,(anonymous_15)
FN:325,(anonymous_16)
FN:346,(anonymous_17)
FN:361,VideoScriptGenerator
FN:368,(anonymous_19)
FN:379,(anonymous_20)
FN:383,(anonymous_21)
FN:400,(anonymous_22)
FN:439,(anonymous_23)
FN:474,(anonymous_24)
FN:498,(anonymous_25)
FN:505,(anonymous_26)
FN:506,(anonymous_27)
FNF:28
FNH:0
FNDA:0,AIContentGenerator
FNDA:0,LearningPathGenerator
FNDA:0,(anonymous_2)
FNDA:0,(anonymous_3)
FNDA:0,(anonymous_4)
FNDA:0,(anonymous_5)
FNDA:0,(anonymous_6)
FNDA:0,(anonymous_7)
FNDA:0,(anonymous_8)
FNDA:0,QuizGenerator
FNDA:0,(anonymous_10)
FNDA:0,(anonymous_11)
FNDA:0,(anonymous_12)
FNDA:0,(anonymous_13)
FNDA:0,(anonymous_14)
FNDA:0,(anonymous_15)
FNDA:0,(anonymous_16)
FNDA:0,(anonymous_17)
FNDA:0,VideoScriptGenerator
FNDA:0,(anonymous_19)
FNDA:0,(anonymous_20)
FNDA:0,(anonymous_21)
FNDA:0,(anonymous_22)
FNDA:0,(anonymous_23)
FNDA:0,(anonymous_24)
FNDA:0,(anonymous_25)
FNDA:0,(anonymous_26)
FNDA:0,(anonymous_27)
DA:16,0
DA:18,0
DA:65,0
DA:66,0
DA:67,0
DA:68,0
DA:70,0
DA:72,0
DA:80,0
DA:83,0
DA:84,0
DA:87,0
DA:91,0
DA:92,0
DA:93,0
DA:94,0
DA:96,0
DA:99,0
DA:111,0
DA:191,0
DA:200,0
DA:201,0
DA:216,0
DA:217,0
DA:218,0
DA:219,0
DA:221,0
DA:223,0
DA:231,0
DA:234,0
DA:235,0
DA:238,0
DA:242,0
DA:254,0
DA:291,0
DA:322,0
DA:326,0
DA:347,0
DA:348,0
DA:362,0
DA:363,0
DA:364,0
DA:365,0
DA:367,0
DA:369,0
DA:377,0
DA:380,0
DA:381,0
DA:384,0
DA:388,0
DA:400,0
DA:439,0
DA:475,0
DA:499,0
DA:500,0
DA:506,0
DA:507,0
DA:508,0
LF:58
LH:0
BRDA:92,0,0,0
BRDA:92,0,1,0
BRDA:151,1,0,0
BRDA:151,1,1,0
BRDA:171,2,0,0
BRDA:171,2,1,0
BRDA:185,3,0,0
BRDA:185,3,1,0
BRDA:292,4,0,0
BRDA:292,4,1,0
BRDA:295,5,0,0
BRDA:295,5,1,0
BRDA:315,6,0,0
BRDA:315,6,1,0
BRDA:329,7,0,0
BRDA:329,7,1,0
BRDA:335,8,0,0
BRDA:335,8,1,0
BRDA:440,9,0,0
BRDA:440,9,1,0
BRDA:443,10,0,0
BRDA:443,10,1,0
BRDA:463,11,0,0
BRDA:463,11,1,0
BRDA:480,12,0,0
BRDA:480,12,1,0
BRDA:489,13,0,0
BRDA:489,13,1,0
BRDA:506,14,0,0
BRDA:506,14,1,0
BRF:30
BRH:0
end_of_record
TN:
SF:src/components/admin/gamification/AIRuleOptimizer.jsx
FN:14,AIRuleOptimizer
FN:24,(anonymous_1)
FN:32,(anonymous_2)
FN:38,(anonymous_3)
FN:43,(anonymous_4)
FN:51,(anonymous_5)
FN:59,(anonymous_6)
FN:64,(anonymous_7)
FN:71,(anonymous_8)
FN:78,(anonymous_9)
FN:87,(anonymous_10)
FN:94,(anonymous_11)
FN:101,(anonymous_12)
FN:106,(anonymous_13)
FN:111,(anonymous_14)
FN:117,(anonymous_15)
FN:118,(anonymous_16)
FN:119,(anonymous_17)
FN:120,(anonymous_18)
FN:195,(anonymous_19)
FN:214,(anonymous_20)
FN:233,(anonymous_21)
FN:251,(anonymous_22)
FN:348,(anonymous_23)
FN:361,(anonymous_24)
FN:368,(anonymous_25)
FN:379,(anonymous_26)
FN:394,(anonymous_27)
FN:410,SuggestionCard
FN:458,(anonymous_29)
FNF:30
FNH:0
FNDA:0,AIRuleOptimizer
FNDA:0,(anonymous_1)
FNDA:0,(anonymous_2)
FNDA:0,(anonymous_3)
FNDA:0,(anonymous_4)
FNDA:0,(anonymous_5)
FNDA:0,(anonymous_6)
FNDA:0,(anonymous_7)
FNDA:0,(anonymous_8)
FNDA:0,(anonymous_9)
FNDA:0,(anonymous_10)
FNDA:0,(anonymous_11)
FNDA:0,(anonymous_12)
FNDA:0,(anonymous_13)
FNDA:0,(anonymous_14)
FNDA:0,(anonymous_15)
FNDA:0,(anonymous_16)
FNDA:0,(anonymous_17)
FNDA:0,(anonymous_18)
FNDA:0,(anonymous_19)
FNDA:0,(anonymous_20)
FNDA:0,(anonymous_21)
FNDA:0,(anonymous_22)
FNDA:0,(anonymous_23)
FNDA:0,(anonymous_24)
FNDA:0,(anonymous_25)
FNDA:0,(anonymous_26)
FNDA:0,(anonymous_27)
FNDA:0,SuggestionCard
FNDA:0,(anonymous_29)
DA:15,0
DA:16,0
DA:17,0
DA:18,0
DA:19,0
DA:22,0
DA:25,0
DA:26,0
DA:31,0
DA:33,0
DA:36,0
DA:39,0
DA:40,0
DA:41,0
DA:44,0
DA:45,0
DA:50,0
DA:52,0
DA:57,0
DA:60,0
DA:61,0
DA:62,0
DA:65,0
DA:70,0
DA:72,0
DA:76,0
DA:79,0
DA:80,0
DA:81,0
DA:86,0
DA:88,0
DA:92,0
DA:95,0
DA:96,0
DA:97,0
DA:98,0
DA:99,0
DA:102,0
DA:106,0
DA:107,0
DA:108,0
DA:111,0
DA:112,0
DA:113,0
DA:114,0
DA:117,0
DA:118,0
DA:119,0
DA:120,0
DA:122,0
DA:196,0
DA:215,0
DA:234,0
DA:252,0
DA:348,0
DA:361,0
DA:368,0
DA:379,0
DA:394,0
DA:411,0
DA:458,0
LF:61
LH:0
BRDA:22,0,0,0
BRDA:113,1,0,0
BRDA:113,1,1,0
BRDA:139,2,0,0
BRDA:139,2,1,0
BRDA:147,3,0,0
BRDA:147,3,1,0
BRDA:150,4,0,0
BRDA:150,4,1,0
BRDA:150,5,0,0
BRDA:150,5,1,0
BRDA:184,6,0,0
BRDA:184,6,1,0
BRDA:188,7,0,0
BRDA:188,7,1,0
BRDA:207,8,0,0
BRDA:207,8,1,0
BRDA:226,9,0,0
BRDA:226,9,1,0
BRDA:244,10,0,0
BRDA:244,10,1,0
BRDA:263,11,0,0
BRDA:263,11,1,0
BRDA:280,12,0,0
BRDA:280,12,1,0
BRDA:281,13,0,0
BRDA:281,13,1,0
BRDA:282,14,0,0
BRDA:282,14,1,0
BRDA:302,15,0,0
BRDA:302,15,1,0
BRDA:321,16,0,0
BRDA:321,16,1,0
BRDA:322,17,0,0
BRDA:322,17,1,0
BRDA:333,18,0,0
BRDA:333,18,1,0
BRDA:343,19,0,0
BRDA:343,19,1,0
BRDA:357,20,0,0
BRDA:357,20,1,0
BRDA:383,21,0,0
BRDA:383,21,1,0
BRDA:392,22,0,0
BRDA:392,22,1,0
BRDA:399,23,0,0
BRDA:399,23,1,0
BRDA:436,24,0,0
BRDA:436,24,1,0
BRDA:437,25,0,0
BRDA:437,25,1,0
BRDA:447,26,0,0
BRDA:447,26,1,0
BRDA:448,27,0,0
BRDA:448,27,1,0
BRDA:449,28,0,0
BRDA:449,28,1,0
BRF:57
BRH:0
end_of_record
TN:
SF:src/components/admin/gamification/ContentIntegrationManager.jsx
FN:11,ContentIntegrationManager
FN:63,(anonymous_1)
FN:64,(anonymous_2)
FN:67,(anonymous_3)
FN:90,(anonymous_4)
FN:121,(anonymous_5)
FN:136,(anonymous_6)
FN:143,(anonymous_7)
FN:201,(anonymous_8)
FNF:9
FNH:0
FNDA:0,ContentIntegrationManager
FNDA:0,(anonymous_1)
FNDA:0,(anonymous_2)
FNDA:0,(anonymous_3)
FNDA:0,(anonymous_4)
FNDA:0,(anonymous_5)
FNDA:0,(anonymous_6)
FNDA:0,(anonymous_7)
FNDA:0,(anonymous_8)
DA:12,0
DA:63,0
DA:64,0
DA:67,0
DA:68,0
DA:73,0
DA:91,0
DA:122,0
DA:136,0
DA:143,0
DA:201,0
LF:11
LH:0
BRDA:64,0,0,0
BRDA:64,0,1,0
BRDA:104,1,0,0
BRDA:104,1,1,0
BRDA:105,2,0,0
BRDA:105,2,1,0
BRDA:107,3,0,0
BRDA:107,3,1,0
BRDA:117,4,0,0
BRDA:117,4,1,0
BRDA:117,4,2,0
BRF:11
BRH:0
end_of_record
TN:
SF:src/components/admin/gamification/EngagementAnalytics.jsx
FN:10,EngagementAnalytics
FN:14,(anonymous_1)
FN:19,(anonymous_2)
FN:24,(anonymous_3)
FN:29,(anonymous_4)
FN:34,(anonymous_5)
FN:38,(anonymous_6)
FN:40,(anonymous_7)
FN:43,(anonymous_8)
FN:49,(anonymous_9)
FN:50,(anonymous_10)
FN:54,(anonymous_11)
FN:55,(anonymous_12)
FN:56,(anonymous_13)
FN:57,(anonymous_14)
FN:62,(anonymous_15)
FN:69,(anonymous_16)
FN:79,(anonymous_17)
FN:180,(anonymous_18)
FN:185,(anonymous_19)
FN:226,(anonymous_20)
FNF:21
FNH:0
FNDA:0,EngagementAnalytics
FNDA:0,(anonymous_1)
FNDA:0,(anonymous_2)
FNDA:0,(anonymous_3)
FNDA:0,(anonymous_4)
FNDA:0,(anonymous_5)
FNDA:0,(anonymous_6)
FNDA:0,(anonymous_7)
FNDA:0,(anonymous_8)
FNDA:0,(anonymous_9)
FNDA:0,(anonymous_10)
FNDA:0,(anonymous_11)
FNDA:0,(anonymous_12)
FNDA:0,(anonymous_13)
FNDA:0,(anonymous_14)
FNDA:0,(anonymous_15)
FNDA:0,(anonymous_16)
FNDA:0,(anonymous_17)
FNDA:0,(anonymous_18)
FNDA:0,(anonymous_19)
FNDA:0,(anonymous_20)
DA:12,0
DA:14,0
DA:17,0
DA:19,0
DA:22,0
DA:24,0
DA:27,0
DA:29,0
DA:32,0
DA:34,0
DA:38,0
DA:39,0
DA:40,0
DA:41,0
DA:43,0
DA:44,0
DA:46,0
DA:47,0
DA:49,0
DA:50,0
DA:53,0
DA:54,0
DA:55,0
DA:56,0
DA:57,0
DA:61,0
DA:62,0
DA:66,0
DA:67,0
DA:69,0
DA:70,0
DA:71,0
DA:72,0
DA:79,0
DA:80,0
DA:81,0
DA:82,0
DA:83,0
DA:84,0
DA:89,0
DA:106,0
DA:107,0
DA:110,0
DA:112,0
DA:180,0
DA:186,0
DA:227,0
LF:47
LH:0
BRDA:39,0,0,0
BRDA:39,0,1,0
BRDA:40,1,0,0
BRDA:40,1,1,0
BRDA:40,2,0,0
BRDA:40,2,1,0
BRDA:41,3,0,0
BRDA:41,3,1,0
BRDA:43,4,0,0
BRDA:43,4,1,0
BRDA:43,5,0,0
BRDA:43,5,1,0
BRDA:44,6,0,0
BRDA:44,6,1,0
BRDA:46,7,0,0
BRDA:46,7,1,0
BRDA:47,8,0,0
BRDA:47,8,1,0
BRDA:49,9,0,0
BRDA:49,9,1,0
BRDA:50,10,0,0
BRDA:50,10,1,0
BRDA:54,11,0,0
BRDA:54,11,1,0
BRDA:55,12,0,0
BRDA:55,12,1,0
BRDA:56,13,0,0
BRDA:56,13,1,0
BRDA:57,14,0,0
BRDA:57,14,1,0
BRDA:61,15,0,0
BRDA:61,15,1,0
BRDA:62,16,0,0
BRDA:62,16,1,0
BRDA:62,17,0,0
BRDA:62,17,1,0
BRDA:80,18,0,0
BRDA:80,18,1,0
BRDA:81,19,0,0
BRDA:81,19,1,0
BRDA:83,20,0,0
BRDA:83,20,1,0
BRDA:83,21,0,0
BRDA:83,21,1,0
BRDA:106,22,0,0
BRDA:106,22,1,0
BRDA:106,23,0,0
BRDA:106,23,1,0
BRDA:106,23,2,0
BRDA:106,23,3,0
BRDA:106,23,4,0
BRDA:230,24,0,0
BRDA:230,24,1,0
BRDA:231,25,0,0
BRDA:231,25,1,0
BRDA:232,26,0,0
BRDA:232,26,1,0
BRDA:243,27,0,0
BRDA:243,27,1,0
BRDA:251,28,0,0
BRDA:251,28,1,0
BRF:61
BRH:0
end_of_record
TN:
SF:src/components/admin/gamification/GamificationRulesConfig.jsx
FN:16,GamificationRulesConfig
FN:25,(anonymous_1)
FN:31,(anonymous_2)
FN:36,(anonymous_3)
FN:39,(anonymous_4)
FN:47,(anonymous_5)
FN:50,(anonymous_6)
FN:89,(anonymous_7)
FN:111,(anonymous_8)
FN:153,(anonymous_9)
FN:158,(anonymous_10)
FN:168,(anonymous_11)
FN:187,RuleForm
FN:201,(anonymous_13)
FN:211,(anonymous_14)
FN:216,(anonymous_15)
FN:221,(anonymous_16)
FN:232,(anonymous_17)
FN:242,(anonymous_18)
FN:252,(anonymous_19)
FN:273,(anonymous_20)
FN:284,(anonymous_21)
FN:291,(anonymous_22)
FN:305,(anonymous_23)
FN:316,(anonymous_24)
FNF:25
FNH:0
FNDA:0,GamificationRulesConfig
FNDA:0,(anonymous_1)
FNDA:0,(anonymous_2)
FNDA:0,(anonymous_3)
FNDA:0,(anonymous_4)
FNDA:0,(anonymous_5)
FNDA:0,(anonymous_6)
FNDA:0,(anonymous_7)
FNDA:0,(anonymous_8)
FNDA:0,(anonymous_9)
FNDA:0,(anonymous_10)
FNDA:0,(anonymous_11)
FNDA:0,RuleForm
FNDA:0,(anonymous_13)
FNDA:0,(anonymous_14)
FNDA:0,(anonymous_15)
FNDA:0,(anonymous_16)
FNDA:0,(anonymous_17)
FNDA:0,(anonymous_18)
FNDA:0,(anonymous_19)
FNDA:0,(anonymous_20)
FNDA:0,(anonymous_21)
FNDA:0,(anonymous_22)
FNDA:0,(anonymous_23)
FNDA:0,(anonymous_24)
DA:17,0
DA:18,0
DA:20,0
DA:23,0
DA:25,0
DA:29,0
DA:31,0
DA:35,0
DA:37,0
DA:40,0
DA:41,0
DA:46,0
DA:48,0
DA:51,0
DA:52,0
DA:56,0
DA:57,0
DA:60,0
DA:90,0
DA:91,0
DA:112,0
DA:153,0
DA:159,0
DA:160,0
DA:169,0
DA:170,0
DA:188,0
DA:198,0
DA:200,0
DA:202,0
DA:203,0
DA:205,0
DA:206,0
DA:208,0
DA:212,0
DA:213,0
DA:214,0
DA:217,0
DA:221,0
DA:222,0
DA:223,0
DA:226,0
DA:232,0
DA:242,0
DA:252,0
DA:273,0
DA:284,0
DA:292,0
DA:305,0
DA:316,0
LF:50
LH:0
BRDA:56,0,0,0
BRDA:56,0,1,0
BRDA:102,1,0,0
BRDA:102,1,1,0
BRDA:112,2,0,0
BRDA:112,2,1,0
BRDA:118,3,0,0
BRDA:118,3,1,0
BRDA:119,4,0,0
BRDA:119,4,1,0
BRDA:129,5,0,0
BRDA:129,5,1,0
BRDA:134,6,0,0
BRDA:134,6,1,0
BRDA:139,7,0,0
BRDA:139,7,1,0
BRDA:139,7,2,0
BRDA:169,8,0,0
BRDA:169,8,1,0
BRDA:189,9,0,0
BRDA:189,9,1,0
BRDA:190,10,0,0
BRDA:190,10,1,0
BRDA:191,11,0,0
BRDA:191,11,1,0
BRDA:192,12,0,0
BRDA:192,12,1,0
BRDA:193,13,0,0
BRDA:193,13,1,0
BRDA:194,14,0,0
BRDA:194,14,1,0
BRDA:195,15,0,0
BRDA:195,15,1,0
BRDA:202,16,0,0
BRDA:202,16,1,0
BRDA:202,17,0,0
BRDA:202,17,1,0
BRDA:205,18,0,0
BRDA:205,18,1,0
BRDA:212,19,0,0
BRDA:212,19,1,0
BRDA:327,20,0,0
BRDA:327,20,1,0
BRF:43
BRH:0
end_of_record
TN:
SF:src/components/admin/gamification/ManualAwardsPanel.jsx
FN:14,ManualAwardsPanel
FN:26,(anonymous_1)
FN:32,(anonymous_2)
FN:37,(anonymous_3)
FN:48,(anonymous_4)
FN:61,(anonymous_5)
FN:68,(anonymous_6)
FN:73,(anonymous_7)
FN:96,(anonymous_8)
FN:110,(anonymous_9)
FN:125,(anonymous_10)
FN:130,(anonymous_11)
FN:177,(anonymous_12)
FN:186,(anonymous_13)
FN:203,(anonymous_14)
FN:220,(anonymous_15)
FN:235,(anonymous_16)
FN:250,(anonymous_17)
FN:292,RecentAwardsList
FN:295,(anonymous_19)
FN:307,(anonymous_20)
FN:318,(anonymous_21)
FN:319,(anonymous_22)
FN:320,(anonymous_23)
FN:329,(anonymous_24)
FNF:25
FNH:0
FNDA:0,ManualAwardsPanel
FNDA:0,(anonymous_1)
FNDA:0,(anonymous_2)
FNDA:0,(anonymous_3)
FNDA:0,(anonymous_4)
FNDA:0,(anonymous_5)
FNDA:0,(anonymous_6)
FNDA:0,(anonymous_7)
FNDA:0,(anonymous_8)
FNDA:0,(anonymous_9)
FNDA:0,(anonymous_10)
FNDA:0,(anonymous_11)
FNDA:0,(anonymous_12)
FNDA:0,(anonymous_13)
FNDA:0,(anonymous_14)
FNDA:0,(anonymous_15)
FNDA:0,(anonymous_16)
FNDA:0,(anonymous_17)
FNDA:0,RecentAwardsList
FNDA:0,(anonymous_19)
FNDA:0,(anonymous_20)
FNDA:0,(anonymous_21)
FNDA:0,(anonymous_22)
FNDA:0,(anonymous_23)
FNDA:0,(anonymous_24)
DA:15,0
DA:16,0
DA:17,0
DA:18,0
DA:19,0
DA:21,0
DA:24,0
DA:26,0
DA:30,0
DA:32,0
DA:36,0
DA:38,0
DA:39,0
DA:41,0
DA:49,0
DA:54,0
DA:55,0
DA:56,0
DA:57,0
DA:58,0
DA:59,0
DA:62,0
DA:67,0
DA:69,0
DA:70,0
DA:73,0
DA:74,0
DA:75,0
DA:79,0
DA:84,0
DA:85,0
DA:88,0
DA:96,0
DA:97,0
DA:98,0
DA:108,0
DA:111,0
DA:116,0
DA:117,0
DA:118,0
DA:119,0
DA:120,0
DA:121,0
DA:122,0
DA:123,0
DA:126,0
DA:130,0
DA:131,0
DA:133,0
DA:134,0
DA:135,0
DA:138,0
DA:139,0
DA:140,0
DA:141,0
DA:143,0
DA:145,0
DA:146,0
DA:147,0
DA:149,0
DA:153,0
DA:155,0
DA:177,0
DA:186,0
DA:204,0
DA:220,0
DA:236,0
DA:250,0
DA:293,0
DA:296,0
DA:301,0
DA:305,0
DA:308,0
DA:313,0
DA:317,0
DA:318,0
DA:319,0
DA:320,0
DA:322,0
DA:330,0
LF:80
LH:0
BRDA:38,0,0,0
BRDA:38,0,1,0
BRDA:38,1,0,0
BRDA:38,1,1,0
BRDA:38,1,2,0
BRDA:45,2,0,0
BRDA:45,2,1,0
BRDA:69,3,0,0
BRDA:69,3,1,0
BRDA:69,4,0,0
BRDA:69,4,1,0
BRDA:74,5,0,0
BRDA:74,5,1,0
BRDA:84,6,0,0
BRDA:84,6,1,0
BRDA:92,7,0,0
BRDA:92,7,1,0
BRDA:97,8,0,0
BRDA:97,8,1,0
BRDA:133,9,0,0
BRDA:133,9,1,0
BRDA:138,10,0,0
BRDA:138,10,1,0
BRDA:139,11,0,0
BRDA:139,11,1,0
BRDA:139,12,0,0
BRDA:139,12,1,0
BRDA:145,13,0,0
BRDA:145,13,1,0
BRDA:153,14,0,0
BRDA:153,14,1,0
BRDA:176,15,0,0
BRDA:176,15,1,0
BRDA:178,16,0,0
BRDA:178,16,1,0
BRDA:185,17,0,0
BRDA:185,17,1,0
BRDA:187,18,0,0
BRDA:187,18,1,0
BRDA:213,19,0,0
BRDA:213,19,1,0
BRDA:227,20,0,0
BRDA:227,20,1,0
BRDA:237,21,0,0
BRDA:237,21,1,0
BRDA:262,22,0,0
BRDA:262,22,1,0
BRDA:270,23,0,0
BRDA:270,23,1,0
BRDA:318,24,0,0
BRDA:318,24,1,0
BRDA:319,25,0,0
BRDA:319,25,1,0
BRDA:324,26,0,0
BRDA:324,26,1,0
BRDA:332,27,0,0
BRDA:332,27,1,0
BRDA:342,28,0,0
BRDA:342,28,1,0
BRDA:343,29,0,0
BRDA:343,29,1,0
BRF:61
BRH:0
end_of_record
TN:
SF:src/components/admin/gamification/QuickStatsLoader.jsx
FN:5,useGamificationStats
FN:8,(anonymous_1)
FN:14,(anonymous_2)
FN:20,(anonymous_3)
FN:25,(anonymous_4)
FN:26,(anonymous_5)
FN:28,(anonymous_6)
FNF:7
FNH:0
FNDA:0,useGamificationStats
FNDA:0,(anonymous_1)
FNDA:0,(anonymous_2)
FNDA:0,(anonymous_3)
FNDA:0,(anonymous_4)
FNDA:0,(anonymous_5)
FNDA:0,(anonymous_6)
DA:6,0
DA:8,0
DA:12,0
DA:14,0
DA:18,0
DA:20,0
DA:24,0
DA:25,0
DA:26,0
DA:28,0
DA:31,0
LF:11
LH:0
BRDA:25,0,0,0
BRDA:25,0,1,0
BRDA:25,1,0,0
BRDA:25,1,1,0
BRDA:26,2,0,0
BRDA:26,2,1,0
BRDA:26,3,0,0
BRDA:26,3,1,0
BRDA:27,4,0,0
BRDA:27,4,1,0
BRDA:28,5,0,0
BRDA:28,5,1,0
BRF:12
BRH:0
end_of_record
TN:
SF:src/components/admin/gamification/SkillDevelopmentTrends.jsx
FN:10,SkillDevelopmentTrends
FN:13,(anonymous_1)
FN:18,(anonymous_2)
FN:23,(anonymous_3)
FN:28,(anonymous_4)
FN:32,(anonymous_5)
FN:34,(anonymous_6)
FN:38,(anonymous_7)
FN:39,(anonymous_8)
FN:44,(anonymous_9)
FN:45,(anonymous_10)
FN:46,(anonymous_11)
FN:47,(anonymous_12)
FN:51,(anonymous_13)
FN:53,(anonymous_14)
FN:61,(anonymous_15)
FN:63,(anonymous_16)
FN:67,(anonymous_17)
FN:68,(anonymous_18)
FN:69,(anonymous_19)
FN:70,(anonymous_20)
FN:74,(anonymous_21)
FN:76,(anonymous_22)
FN:77,(anonymous_23)
FN:78,(anonymous_24)
FN:81,(anonymous_25)
FN:83,(anonymous_26)
FN:87,(anonymous_27)
FN:89,(anonymous_28)
FN:201,(anonymous_29)
FN:206,(anonymous_30)
FN:225,(anonymous_31)
FN:253,(anonymous_32)
FNF:33
FNH:0
FNDA:0,SkillDevelopmentTrends
FNDA:0,(anonymous_1)
FNDA:0,(anonymous_2)
FNDA:0,(anonymous_3)
FNDA:0,(anonymous_4)
FNDA:0,(anonymous_5)
FNDA:0,(anonymous_6)
FNDA:0,(anonymous_7)
FNDA:0,(anonymous_8)
FNDA:0,(anonymous_9)
FNDA:0,(anonymous_10)
FNDA:0,(anonymous_11)
FNDA:0,(anonymous_12)
FNDA:0,(anonymous_13)
FNDA:0,(anonymous_14)
FNDA:0,(anonymous_15)
FNDA:0,(anonymous_16)
FNDA:0,(anonymous_17)
FNDA:0,(anonymous_18)
FNDA:0,(anonymous_19)
FNDA:0,(anonymous_20)
FNDA:0,(anonymous_21)
FNDA:0,(anonymous_22)
FNDA:0,(anonymous_23)
FNDA:0,(anonymous_24)
FNDA:0,(anonymous_25)
FNDA:0,(anonymous_26)
FNDA:0,(anonymous_27)
FNDA:0,(anonymous_28)
FNDA:0,(anonymous_29)
FNDA:0,(anonymous_30)
FNDA:0,(anonymous_31)
FNDA:0,(anonymous_32)
DA:11,0
DA:13,0
DA:16,0
DA:18,0
DA:21,0
DA:23,0
DA:26,0
DA:28,0
DA:32,0
DA:34,0
DA:37,0
DA:38,0
DA:39,0
DA:40,0
DA:43,0
DA:44,0
DA:45,0
DA:46,0
DA:47,0
DA:50,0
DA:51,0
DA:52,0
DA:53,0
DA:54,0
DA:55,0
DA:60,0
DA:61,0
DA:63,0
DA:66,0
DA:67,0
DA:68,0
DA:69,0
DA:70,0
DA:74,0
DA:76,0
DA:77,0
DA:78,0
DA:81,0
DA:82,0
DA:83,0
DA:84,0
DA:86,0
DA:87,0
DA:89,0
DA:91,0
DA:108,0
DA:109,0
DA:112,0
DA:114,0
DA:201,0
DA:207,0
DA:226,0
DA:254,0
LF:53
LH:0
BRDA:34,0,0,0
BRDA:34,0,1,0
BRDA:37,1,0,0
BRDA:37,1,1,0
BRDA:38,2,0,0
BRDA:38,2,1,0
BRDA:39,3,0,0
BRDA:39,3,1,0
BRDA:40,4,0,0
BRDA:40,4,1,0
BRDA:43,5,0,0
BRDA:43,5,1,0
BRDA:44,6,0,0
BRDA:44,6,1,0
BRDA:47,7,0,0
BRDA:47,7,1,0
BRDA:52,8,0,0
BRDA:52,8,1,0
BRDA:53,9,0,0
BRDA:53,9,1,0
BRDA:54,10,0,0
BRDA:54,10,1,0
BRDA:55,11,0,0
BRDA:55,11,1,0
BRDA:67,12,0,0
BRDA:67,12,1,0
BRDA:68,13,0,0
BRDA:68,13,1,0
BRDA:69,14,0,0
BRDA:69,14,1,0
BRDA:70,15,0,0
BRDA:70,15,1,0
BRDA:76,16,0,0
BRDA:76,16,1,0
BRDA:77,17,0,0
BRDA:77,17,1,0
BRDA:77,18,0,0
BRDA:77,18,1,0
BRDA:81,19,0,0
BRDA:81,19,1,0
BRDA:81,20,0,0
BRDA:81,20,1,0
BRDA:84,21,0,0
BRDA:84,21,1,0
BRDA:108,22,0,0
BRDA:108,22,1,0
BRDA:108,23,0,0
BRDA:108,23,1,0
BRDA:108,23,2,0
BRDA:108,23,3,0
BRDA:235,24,0,0
BRDA:235,24,1,0
BRF:52
BRH:0
end_of_record
TN:
SF:src/components/admin/gamification/UserProgressOverview.jsx
FN:14,UserProgressOverview
FN:22,(anonymous_1)
FN:28,(anonymous_2)
FN:34,(anonymous_3)
FN:40,(anonymous_4)
FN:44,(anonymous_5)
FN:47,(anonymous_6)
FN:48,(anonymous_7)
FN:49,(anonymous_8)
FN:50,(anonymous_9)
FN:51,(anonymous_10)
FN:52,(anonymous_11)
FN:73,(anonymous_12)
FN:81,(anonymous_13)
FN:83,(anonymous_14)
FN:85,(anonymous_15)
FN:106,(anonymous_16)
FN:152,(anonymous_17)
FNF:18
FNH:0
FNDA:0,UserProgressOverview
FNDA:0,(anonymous_1)
FNDA:0,(anonymous_2)
FNDA:0,(anonymous_3)
FNDA:0,(anonymous_4)
FNDA:0,(anonymous_5)
FNDA:0,(anonymous_6)
FNDA:0,(anonymous_7)
FNDA:0,(anonymous_8)
FNDA:0,(anonymous_9)
FNDA:0,(anonymous_10)
FNDA:0,(anonymous_11)
FNDA:0,(anonymous_12)
FNDA:0,(anonymous_13)
FNDA:0,(anonymous_14)
FNDA:0,(anonymous_15)
FNDA:0,(anonymous_16)
FNDA:0,(anonymous_17)
DA:15,0
DA:16,0
DA:17,0
DA:20,0
DA:22,0
DA:26,0
DA:28,0
DA:32,0
DA:34,0
DA:38,0
DA:40,0
DA:44,0
DA:45,0
DA:47,0
DA:48,0
DA:49,0
DA:50,0
DA:51,0
DA:52,0
DA:54,0
DA:68,0
DA:69,0
DA:73,0
DA:74,0
DA:76,0
DA:77,0
DA:80,0
DA:81,0
DA:82,0
DA:83,0
DA:84,0
DA:85,0
DA:88,0
DA:95,0
DA:106,0
DA:153,0
LF:36
LH:0
BRDA:45,0,0,0
BRDA:45,0,1,0
BRDA:49,1,0,0
BRDA:49,1,1,0
BRDA:50,2,0,0
BRDA:50,2,1,0
BRDA:56,3,0,0
BRDA:56,3,1,0
BRDA:57,4,0,0
BRDA:57,4,1,0
BRDA:58,5,0,0
BRDA:58,5,1,0
BRDA:68,6,0,0
BRDA:68,6,1,0
BRDA:68,7,0,0
BRDA:68,7,1,0
BRDA:68,7,2,0
BRDA:68,7,3,0
BRDA:74,8,0,0
BRDA:74,8,1,0
BRDA:76,9,0,0
BRDA:76,9,1,0
BRDA:77,10,0,0
BRDA:77,10,1,0
BRDA:80,11,0,0
BRDA:80,11,1,0
BRDA:82,12,0,0
BRDA:82,12,1,0
BRDA:84,13,0,0
BRDA:84,13,1,0
BRDA:147,14,0,0
BRDA:147,14,1,0
BRDA:163,15,0,0
BRDA:163,15,1,0
BRF:34
BRH:0
end_of_record
TN:
SF:src/components/ai/AIActivityPlanner.jsx
FN:68,AIActivityPlanner
FN:88,(anonymous_1)
FN:94,(anonymous_2)
FN:100,(anonymous_3)
FN:106,(anonymous_4)
FN:111,(anonymous_5)
FN:115,(anonymous_6)
FN:126,(anonymous_7)
FN:128,(anonymous_8)
FN:136,(anonymous_9)
FN:146,(anonymous_10)
FN:148,(anonymous_11)
FN:150,(anonymous_12)
FN:156,(anonymous_13)
FN:262,(anonymous_14)
FN:266,(anonymous_15)
FN:272,(anonymous_16)
FN:274,(anonymous_17)
FN:302,(anonymous_18)
FN:310,(anonymous_19)
FN:327,(anonymous_20)
FN:328,(anonymous_21)
FN:331,(anonymous_22)
FN:336,(anonymous_23)
FN:337,(anonymous_24)
FN:340,(anonymous_25)
FN:360,(anonymous_26)
FN:381,(anonymous_27)
FN:385,(anonymous_28)
FN:408,(anonymous_29)
FN:408,(anonymous_30)
FN:425,(anonymous_31)
FN:425,(anonymous_32)
FN:442,(anonymous_33)
FN:447,(anonymous_34)
FN:447,(anonymous_35)
FN:459,(anonymous_36)
FN:474,(anonymous_37)
FN:479,(anonymous_38)
FN:500,(anonymous_39)
FN:500,(anonymous_40)
FN:511,(anonymous_41)
FN:511,(anonymous_42)
FN:523,(anonymous_43)
FN:523,(anonymous_44)
FN:530,(anonymous_45)
FN:530,(anonymous_46)
FN:544,(anonymous_47)
FN:544,(anonymous_48)
FN:550,(anonymous_49)
FN:554,(anonymous_50)
FN:602,(anonymous_51)
FN:630,(anonymous_52)
FN:645,(anonymous_53)
FN:655,(anonymous_54)
FN:670,(anonymous_55)
FN:686,(anonymous_56)
FN:698,(anonymous_57)
FN:721,(anonymous_58)
FN:731,(anonymous_59)
FNF:60
FNH:0
FNDA:0,AIActivityPlanner
FNDA:0,(anonymous_1)
FNDA:0,(anonymous_2)
FNDA:0,(anonymous_3)
FNDA:0,(anonymous_4)
FNDA:0,(anonymous_5)
FNDA:0,(anonymous_6)
FNDA:0,(anonymous_7)
FNDA:0,(anonymous_8)
FNDA:0,(anonymous_9)
FNDA:0,(anonymous_10)
FNDA:0,(anonymous_11)
FNDA:0,(anonymous_12)
FNDA:0,(anonymous_13)
FNDA:0,(anonymous_14)
FNDA:0,(anonymous_15)
FNDA:0,(anonymous_16)
FNDA:0,(anonymous_17)
FNDA:0,(anonymous_18)
FNDA:0,(anonymous_19)
FNDA:0,(anonymous_20)
FNDA:0,(anonymous_21)
FNDA:0,(anonymous_22)
FNDA:0,(anonymous_23)
FNDA:0,(anonymous_24)
FNDA:0,(anonymous_25)
FNDA:0,(anonymous_26)
FNDA:0,(anonymous_27)
FNDA:0,(anonymous_28)
FNDA:0,(anonymous_29)
FNDA:0,(anonymous_30)
FNDA:0,(anonymous_31)
FNDA:0,(anonymous_32)
FNDA:0,(anonymous_33)
FNDA:0,(anonymous_34)
FNDA:0,(anonymous_35)
FNDA:0,(anonymous_36)
FNDA:0,(anonymous_37)
FNDA:0,(anonymous_38)
FNDA:0,(anonymous_39)
FNDA:0,(anonymous_40)
FNDA:0,(anonymous_41)
FNDA:0,(anonymous_42)
FNDA:0,(anonymous_43)
FNDA:0,(anonymous_44)
FNDA:0,(anonymous_45)
FNDA:0,(anonymous_46)
FNDA:0,(anonymous_47)
FNDA:0,(anonymous_48)
FNDA:0,(anonymous_49)
FNDA:0,(anonymous_50)
FNDA:0,(anonymous_51)
FNDA:0,(anonymous_52)
FNDA:0,(anonymous_53)
FNDA:0,(anonymous_54)
FNDA:0,(anonymous_55)
FNDA:0,(anonymous_56)
FNDA:0,(anonymous_57)
FNDA:0,(anonymous_58)
FNDA:0,(anonymous_59)
DA:45,0
DA:56,0
DA:69,0
DA:70,0
DA:71,0
DA:73,0
DA:86,0
DA:88,0
DA:92,0
DA:94,0
DA:98,0
DA:100,0
DA:104,0
DA:106,0
DA:111,0
DA:112,0
DA:114,0
DA:115,0
DA:116,0
DA:117,0
DA:119,0
DA:120,0
DA:121,0
DA:125,0
DA:126,0
DA:127,0
DA:128,0
DA:129,0
DA:135,0
DA:136,0
DA:137,0
DA:138,0
DA:140,0
DA:143,0
DA:146,0
DA:148,0
DA:150,0
DA:155,0
DA:157,0
DA:159,0
DA:187,0
DA:260,0
DA:263,0
DA:264,0
DA:267,0
DA:271,0
DA:273,0
DA:274,0
DA:277,0
DA:300,0
DA:303,0
DA:304,0
DA:305,0
DA:306,0
DA:310,0
DA:311,0
DA:312,0
DA:323,0
DA:324,0
DA:327,0
DA:328,0
DA:331,0
DA:336,0
DA:337,0
DA:340,0
DA:345,0
DA:361,0
DA:382,0
DA:385,0
DA:408,0
DA:425,0
DA:443,0
DA:447,0
DA:459,0
DA:475,0
DA:479,0
DA:500,0
DA:511,0
DA:523,0
DA:530,0
DA:531,0
DA:544,0
DA:550,0
DA:554,0
DA:603,0
DA:631,0
DA:646,0
DA:656,0
DA:671,0
DA:687,0
DA:699,0
DA:722,0
DA:723,0
DA:731,0
LF:94
LH:0
BRDA:86,0,0,0
BRDA:89,1,0,0
BRDA:89,1,1,0
BRDA:92,2,0,0
BRDA:98,3,0,0
BRDA:101,4,0,0
BRDA:101,4,1,0
BRDA:104,5,0,0
BRDA:112,6,0,0
BRDA:112,6,1,0
BRDA:112,7,0,0
BRDA:112,7,1,0
BRDA:116,8,0,0
BRDA:116,8,1,0
BRDA:120,9,0,0
BRDA:120,9,1,0
BRDA:121,10,0,0
BRDA:121,10,1,0
BRDA:127,11,0,0
BRDA:127,11,1,0
BRDA:129,12,0,0
BRDA:129,12,1,0
BRDA:137,13,0,0
BRDA:137,13,1,0
BRDA:149,14,0,0
BRDA:149,14,1,0
BRDA:166,15,0,0
BRDA:166,15,1,0
BRDA:167,16,0,0
BRDA:167,16,1,0
BRDA:168,17,0,0
BRDA:168,17,1,0
BRDA:170,18,0,0
BRDA:170,18,1,0
BRDA:172,19,0,0
BRDA:172,19,1,0
BRDA:174,20,0,0
BRDA:174,20,1,0
BRDA:283,21,0,0
BRDA:283,21,1,0
BRDA:305,22,0,0
BRDA:305,22,1,0
BRDA:330,23,0,0
BRDA:330,23,1,0
BRDA:339,24,0,0
BRDA:339,24,1,0
BRDA:363,25,0,0
BRDA:363,25,1,0
BRDA:365,26,0,0
BRDA:365,26,1,0
BRDA:367,27,0,0
BRDA:367,27,1,0
BRDA:367,28,0,0
BRDA:367,28,1,0
BRDA:373,29,0,0
BRDA:373,29,1,0
BRDA:387,30,0,0
BRDA:387,30,1,0
BRDA:446,31,0,0
BRDA:446,31,1,0
BRDA:450,32,0,0
BRDA:450,32,1,0
BRDA:451,33,0,0
BRDA:451,33,1,0
BRDA:452,34,0,0
BRDA:452,34,1,0
BRDA:469,35,0,0
BRDA:469,35,1,0
BRDA:477,36,0,0
BRDA:477,36,1,0
BRDA:558,37,0,0
BRDA:558,37,1,0
BRDA:575,38,0,0
BRDA:575,38,1,0
BRDA:575,38,2,0
BRDA:613,39,0,0
BRDA:613,39,1,0
BRDA:651,40,0,0
BRDA:651,40,1,0
BRDA:668,41,0,0
BRDA:668,41,1,0
BRDA:704,42,0,0
BRDA:704,42,1,0
BRDA:735,43,0,0
BRDA:735,43,1,0
BRF:85
BRH:0
end_of_record
TN:
SF:src/components/ai/AIEventSuggestionEngine.jsx
FN:65,AIEventSuggestionEngine
FN:81,(anonymous_1)
FN:87,(anonymous_2)
FN:93,(anonymous_3)
FN:99,(anonymous_4)
FN:105,(anonymous_5)
FN:110,(anonymous_6)
FN:116,(anonymous_7)
FN:117,(anonymous_8)
FN:177,(anonymous_9)
FN:207,(anonymous_10)
FN:216,(anonymous_11)
FN:219,(anonymous_12)
FN:227,(anonymous_13)
FN:242,(anonymous_14)
FN:267,(anonymous_15)
FN:311,(anonymous_16)
FN:323,(anonymous_17)
FN:407,(anonymous_18)
FN:421,(anonymous_19)
FN:427,(anonymous_20)
FN:458,(anonymous_21)
FN:458,(anonymous_22)
FN:476,(anonymous_23)
FN:476,(anonymous_24)
FN:483,(anonymous_25)
FN:496,(anonymous_26)
FN:496,(anonymous_27)
FN:514,(anonymous_28)
FN:514,(anonymous_29)
FN:547,(anonymous_30)
FN:547,(anonymous_31)
FN:555,(anonymous_32)
FN:555,(anonymous_33)
FN:566,(anonymous_34)
FN:566,(anonymous_35)
FN:574,(anonymous_36)
FN:574,(anonymous_37)
FN:585,(anonymous_38)
FN:585,(anonymous_39)
FN:592,(anonymous_40)
FN:592,(anonymous_41)
FN:610,(anonymous_42)
FN:610,(anonymous_43)
FN:618,(anonymous_44)
FNF:45
FNH:0
FNDA:0,AIEventSuggestionEngine
FNDA:0,(anonymous_1)
FNDA:0,(anonymous_2)
FNDA:0,(anonymous_3)
FNDA:0,(anonymous_4)
FNDA:0,(anonymous_5)
FNDA:0,(anonymous_6)
FNDA:0,(anonymous_7)
FNDA:0,(anonymous_8)
FNDA:0,(anonymous_9)
FNDA:0,(anonymous_10)
FNDA:0,(anonymous_11)
FNDA:0,(anonymous_12)
FNDA:0,(anonymous_13)
FNDA:0,(anonymous_14)
FNDA:0,(anonymous_15)
FNDA:0,(anonymous_16)
FNDA:0,(anonymous_17)
FNDA:0,(anonymous_18)
FNDA:0,(anonymous_19)
FNDA:0,(anonymous_20)
FNDA:0,(anonymous_21)
FNDA:0,(anonymous_22)
FNDA:0,(anonymous_23)
FNDA:0,(anonymous_24)
FNDA:0,(anonymous_25)
FNDA:0,(anonymous_26)
FNDA:0,(anonymous_27)
FNDA:0,(anonymous_28)
FNDA:0,(anonymous_29)
FNDA:0,(anonymous_30)
FNDA:0,(anonymous_31)
FNDA:0,(anonymous_32)
FNDA:0,(anonymous_33)
FNDA:0,(anonymous_34)
FNDA:0,(anonymous_35)
FNDA:0,(anonymous_36)
FNDA:0,(anonymous_37)
FNDA:0,(anonymous_38)
FNDA:0,(anonymous_39)
FNDA:0,(anonymous_40)
FNDA:0,(anonymous_41)
FNDA:0,(anonymous_42)
FNDA:0,(anonymous_43)
FNDA:0,(anonymous_44)
DA:47,0
DA:57,0
DA:66,0
DA:67,0
DA:73,0
DA:74,0
DA:75,0
DA:76,0
DA:79,0
DA:81,0
DA:85,0
DA:87,0
DA:91,0
DA:93,0
DA:97,0
DA:99,0
DA:103,0
DA:105,0
DA:109,0
DA:111,0
DA:114,0
DA:116,0
DA:117,0
DA:123,0
DA:171,0
DA:176,0
DA:179,0
DA:181,0
DA:183,0
DA:190,0
DA:194,0
DA:205,0
DA:208,0
DA:209,0
DA:210,0
DA:211,0
DA:216,0
DA:217,0
DA:219,0
DA:220,0
DA:221,0
DA:223,0
DA:227,0
DA:228,0
DA:229,0
DA:239,0
DA:242,0
DA:243,0
DA:246,0
DA:267,0
DA:312,0
DA:313,0
DA:323,0
DA:407,0
DA:422,0
DA:423,0
DA:427,0
DA:458,0
DA:476,0
DA:484,0
DA:496,0
DA:514,0
DA:547,0
DA:555,0
DA:566,0
DA:574,0
DA:585,0
DA:592,0
DA:610,0
DA:618,0
LF:70
LH:0
BRDA:85,0,0,0
BRDA:91,1,0,0
BRDA:97,2,0,0
BRDA:103,3,0,0
BRDA:115,4,0,0
BRDA:115,4,1,0
BRDA:117,5,0,0
BRDA:117,5,1,0
BRDA:127,6,0,0
BRDA:127,6,1,0
BRDA:128,7,0,0
BRDA:128,7,1,0
BRDA:129,8,0,0
BRDA:129,8,1,0
BRDA:131,9,0,0
BRDA:131,9,1,0
BRDA:171,10,0,0
BRDA:171,10,1,0
BRDA:181,11,0,0
BRDA:181,11,1,0
BRDA:197,12,0,0
BRDA:197,12,1,0
BRDA:198,13,0,0
BRDA:198,13,1,0
BRDA:200,14,0,0
BRDA:200,14,1,0
BRDA:201,15,0,0
BRDA:201,15,1,0
BRDA:202,16,0,0
BRDA:202,16,1,0
BRDA:217,17,0,0
BRDA:217,17,1,0
BRDA:220,18,0,0
BRDA:220,18,1,0
BRDA:220,19,0,0
BRDA:220,19,1,0
BRDA:271,20,0,0
BRDA:271,20,1,0
BRDA:301,21,0,0
BRDA:301,21,1,0
BRDA:308,22,0,0
BRDA:308,22,1,0
BRDA:312,23,0,0
BRDA:312,23,1,0
BRDA:546,24,0,0
BRDA:546,24,1,0
BRDA:554,25,0,0
BRDA:554,25,1,0
BRDA:565,26,0,0
BRDA:565,26,1,0
BRDA:573,27,0,0
BRDA:573,27,1,0
BRDA:584,28,0,0
BRDA:584,28,1,0
BRDA:591,29,0,0
BRDA:591,29,1,0
BRDA:609,30,0,0
BRDA:609,30,1,0
BRDA:626,31,0,0
BRDA:626,31,1,0
BRF:60
BRH:0
end_of_record
TN:
SF:src/components/ai/AIEventThemeGenerator.jsx
FN:60,AIEventThemeGenerator
FN:76,(anonymous_1)
FN:150,(anonymous_2)
FN:154,(anonymous_3)
FN:160,(anonymous_4)
FN:173,(anonymous_5)
FN:183,(anonymous_6)
FN:184,(anonymous_7)
FN:187,(anonymous_8)
FN:192,(anonymous_9)
FN:201,(anonymous_10)
FN:206,(anonymous_11)
FN:210,(anonymous_12)
FN:226,(anonymous_13)
FN:246,(anonymous_14)
FN:278,(anonymous_15)
FN:278,(anonymous_16)
FN:298,(anonymous_17)
FN:301,(anonymous_18)
FN:324,(anonymous_19)
FN:324,(anonymous_20)
FN:345,(anonymous_21)
FN:345,(anonymous_22)
FN:351,(anonymous_23)
FN:369,(anonymous_24)
FN:369,(anonymous_25)
FN:391,(anonymous_26)
FN:391,(anonymous_27)
FN:405,(anonymous_28)
FN:405,(anonymous_29)
FN:475,(anonymous_30)
FN:489,(anonymous_31)
FN:514,(anonymous_32)
FN:539,(anonymous_33)
FN:557,(anonymous_34)
FN:581,(anonymous_35)
FN:597,(anonymous_36)
FNF:37
FNH:0
FNDA:0,AIEventThemeGenerator
FNDA:0,(anonymous_1)
FNDA:0,(anonymous_2)
FNDA:0,(anonymous_3)
FNDA:0,(anonymous_4)
FNDA:0,(anonymous_5)
FNDA:0,(anonymous_6)
FNDA:0,(anonymous_7)
FNDA:0,(anonymous_8)
FNDA:0,(anonymous_9)
FNDA:0,(anonymous_10)
FNDA:0,(anonymous_11)
FNDA:0,(anonymous_12)
FNDA:0,(anonymous_13)
FNDA:0,(anonymous_14)
FNDA:0,(anonymous_15)
FNDA:0,(anonymous_16)
FNDA:0,(anonymous_17)
FNDA:0,(anonymous_18)
FNDA:0,(anonymous_19)
FNDA:0,(anonymous_20)
FNDA:0,(anonymous_21)
FNDA:0,(anonymous_22)
FNDA:0,(anonymous_23)
FNDA:0,(anonymous_24)
FNDA:0,(anonymous_25)
FNDA:0,(anonymous_26)
FNDA:0,(anonymous_27)
FNDA:0,(anonymous_28)
FNDA:0,(anonymous_29)
FNDA:0,(anonymous_30)
FNDA:0,(anonymous_31)
FNDA:0,(anonymous_32)
FNDA:0,(anonymous_33)
FNDA:0,(anonymous_34)
FNDA:0,(anonymous_35)
FNDA:0,(anonymous_36)
DA:43,0
DA:54,0
DA:61,0
DA:62,0
DA:63,0
DA:72,0
DA:73,0
DA:75,0
DA:77,0
DA:102,0
DA:148,0
DA:151,0
DA:152,0
DA:155,0
DA:159,0
DA:161,0
DA:171,0
DA:174,0
DA:175,0
DA:176,0
DA:177,0
DA:179,0
DA:183,0
DA:184,0
DA:187,0
DA:192,0
DA:193,0
DA:194,0
DA:195,0
DA:197,0
DA:198,0
DA:201,0
DA:202,0
DA:203,0
DA:206,0
DA:207,0
DA:210,0
DA:211,0
DA:212,0
DA:221,0
DA:222,0
DA:223,0
DA:226,0
DA:227,0
DA:228,0
DA:231,0
DA:247,0
DA:278,0
DA:299,0
DA:301,0
DA:324,0
DA:345,0
DA:352,0
DA:369,0
DA:391,0
DA:405,0
DA:476,0
DA:490,0
DA:515,0
DA:540,0
DA:557,0
DA:581,0
DA:598,0
DA:599,0
LF:64
LH:0
BRDA:82,0,0,0
BRDA:82,0,1,0
BRDA:86,1,0,0
BRDA:86,1,1,0
BRDA:176,2,0,0
BRDA:176,2,1,0
BRDA:186,3,0,0
BRDA:186,3,1,0
BRDA:193,4,0,0
BRDA:193,4,1,0
BRDA:249,5,0,0
BRDA:249,5,1,0
BRDA:251,6,0,0
BRDA:251,6,1,0
BRDA:253,7,0,0
BRDA:253,7,1,0
BRDA:254,8,0,0
BRDA:254,8,1,0
BRDA:262,9,0,0
BRDA:262,9,1,0
BRDA:303,10,0,0
BRDA:303,10,1,0
BRDA:423,11,0,0
BRDA:423,11,1,0
BRDA:452,12,0,0
BRDA:452,12,1,0
BRDA:452,12,2,0
BRDA:461,13,0,0
BRDA:461,13,1,0
BRDA:493,14,0,0
BRDA:493,14,1,0
BRDA:510,15,0,0
BRDA:510,15,1,0
BRDA:510,15,2,0
BRDA:535,16,0,0
BRDA:535,16,1,0
BRDA:535,16,2,0
BRDA:549,17,0,0
BRDA:549,17,1,0
BRDA:592,18,0,0
BRDA:592,18,1,0
BRDA:592,18,2,0
BRF:42
BRH:0
end_of_record
TN:
SF:src/components/ai/AIInsightsPanel.jsx
FN:38,AIInsightsPanel
FN:45,(anonymous_1)
FN:50,(anonymous_2)
FN:51,(anonymous_3)
FN:55,(anonymous_4)
FN:64,(anonymous_5)
FN:67,(anonymous_6)
FN:69,(anonymous_7)
FN:70,(anonymous_8)
FN:72,(anonymous_9)
FN:135,(anonymous_10)
FN:140,(anonymous_11)
FN:146,(anonymous_12)
FN:151,(anonymous_13)
FN:165,(anonymous_14)
FN:186,(anonymous_15)
FN:218,(anonymous_16)
FN:240,(anonymous_17)
FN:244,(anonymous_18)
FN:255,(anonymous_19)
FNF:20
FNH:0
FNDA:0,AIInsightsPanel
FNDA:0,(anonymous_1)
FNDA:0,(anonymous_2)
FNDA:0,(anonymous_3)
FNDA:0,(anonymous_4)
FNDA:0,(anonymous_5)
FNDA:0,(anonymous_6)
FNDA:0,(anonymous_7)
FNDA:0,(anonymous_8)
FNDA:0,(anonymous_9)
FNDA:0,(anonymous_10)
FNDA:0,(anonymous_11)
FNDA:0,(anonymous_12)
FNDA:0,(anonymous_13)
FNDA:0,(anonymous_14)
FNDA:0,(anonymous_15)
FNDA:0,(anonymous_16)
FNDA:0,(anonymous_17)
FNDA:0,(anonymous_18)
FNDA:0,(anonymous_19)
DA:22,0
DA:30,0
DA:39,0
DA:40,0
DA:41,0
DA:43,0
DA:45,0
DA:49,0
DA:50,0
DA:51,0
DA:54,0
DA:56,0
DA:59,0
DA:60,0
DA:61,0
DA:62,0
DA:64,0
DA:67,0
DA:69,0
DA:70,0
DA:72,0
DA:76,0
DA:124,0
DA:125,0
DA:133,0
DA:136,0
DA:137,0
DA:138,0
DA:141,0
DA:142,0
DA:146,0
DA:147,0
DA:148,0
DA:151,0
DA:152,0
DA:155,0
DA:165,0
DA:187,0
DA:188,0
DA:189,0
DA:191,0
DA:219,0
DA:240,0
DA:244,0
DA:255,0
LF:45
LH:0
BRDA:38,0,0,0
BRDA:38,1,0,0
BRDA:38,2,0,0
BRDA:43,3,0,0
BRDA:59,4,0,0
BRDA:59,4,1,0
BRDA:60,5,0,0
BRDA:60,5,1,0
BRDA:61,6,0,0
BRDA:61,6,1,0
BRDA:66,7,0,0
BRDA:66,7,1,0
BRDA:67,8,0,0
BRDA:67,8,1,0
BRDA:168,9,0,0
BRDA:168,9,1,0
BRDA:177,10,0,0
BRDA:177,10,1,0
BRDA:179,11,0,0
BRDA:179,11,1,0
BRDA:187,12,0,0
BRDA:187,12,1,0
BRDA:188,13,0,0
BRDA:188,13,1,0
BRDA:194,14,0,0
BRDA:194,14,1,0
BRDA:203,15,0,0
BRDA:203,15,1,0
BRDA:211,16,0,0
BRDA:211,16,1,0
BRDA:215,17,0,0
BRDA:215,17,1,0
BRDA:223,18,0,0
BRDA:223,18,1,0
BRDA:224,19,0,0
BRDA:224,19,1,0
BRDA:255,20,0,0
BRDA:255,20,1,0
BRDA:257,21,0,0
BRDA:257,21,1,0
BRF:40
BRH:0
end_of_record
TN:
SF:src/components/ai/AISuggestionsWidget.jsx
FN:25,AISuggestionsWidget
FN:32,(anonymous_1)
FN:38,(anonymous_2)
FN:42,(anonymous_3)
FN:47,(anonymous_4)
FN:52,(anonymous_5)
FN:54,(anonymous_6)
FN:68,(anonymous_7)
FN:93,(anonymous_8)
FN:119,(anonymous_9)
FN:156,(anonymous_10)
FN:158,(anonymous_11)
FN:212,(anonymous_12)
FN:220,(anonymous_13)
FN:239,(anonymous_14)
FNF:15
FNH:0
FNDA:0,AISuggestionsWidget
FNDA:0,(anonymous_1)
FNDA:0,(anonymous_2)
FNDA:0,(anonymous_3)
FNDA:0,(anonymous_4)
FNDA:0,(anonymous_5)
FNDA:0,(anonymous_6)
FNDA:0,(anonymous_7)
FNDA:0,(anonymous_8)
FNDA:0,(anonymous_9)
FNDA:0,(anonymous_10)
FNDA:0,(anonymous_11)
FNDA:0,(anonymous_12)
FNDA:0,(anonymous_13)
FNDA:0,(anonymous_14)
DA:27,0
DA:28,0
DA:30,0
DA:32,0
DA:36,0
DA:38,0
DA:41,0
DA:43,0
DA:48,0
DA:52,0
DA:53,0
DA:54,0
DA:55,0
DA:56,0
DA:58,0
DA:59,0
DA:61,0
DA:68,0
DA:69,0
DA:73,0
DA:76,0
DA:83,0
DA:84,0
DA:94,0
DA:101,0
DA:119,0
DA:157,0
DA:158,0
DA:160,0
DA:212,0
DA:220,0
DA:240,0
DA:241,0
LF:33
LH:0
BRDA:30,0,0,0
BRDA:36,1,0,0
BRDA:53,2,0,0
BRDA:53,2,1,0
BRDA:55,3,0,0
BRDA:55,3,1,0
BRDA:58,4,0,0
BRDA:58,4,1,0
BRDA:83,5,0,0
BRDA:83,5,1,0
BRDA:139,6,0,0
BRDA:139,6,1,0
BRDA:157,7,0,0
BRDA:157,7,1,0
BRDA:176,8,0,0
BRDA:176,8,1,0
BRDA:193,9,0,0
BRDA:193,9,1,0
BRDA:193,9,2,0
BRDA:201,10,0,0
BRDA:201,10,1,0
BRDA:240,11,0,0
BRDA:240,11,1,0
BRF:23
BRH:0
end_of_record
TN:
SF:src/components/ai/ActivityGenerator.jsx
FN:26,ActivityGenerator
FN:47,(anonymous_1)
FN:48,(anonymous_2)
FN:51,(anonymous_3)
FN:57,(anonymous_4)
FN:96,(anonymous_5)
FN:101,(anonymous_6)
FN:108,(anonymous_7)
FN:144,(anonymous_8)
FN:153,(anonymous_9)
FN:162,(anonymous_10)
FN:166,(anonymous_11)
FN:201,(anonymous_12)
FN:201,(anonymous_13)
FN:213,(anonymous_14)
FN:213,(anonymous_15)
FN:231,(anonymous_16)
FN:236,(anonymous_17)
FN:253,(anonymous_18)
FN:253,(anonymous_19)
FN:289,(anonymous_20)
FN:291,(anonymous_21)
FN:334,(anonymous_22)
FNF:23
FNH:0
FNDA:0,ActivityGenerator
FNDA:0,(anonymous_1)
FNDA:0,(anonymous_2)
FNDA:0,(anonymous_3)
FNDA:0,(anonymous_4)
FNDA:0,(anonymous_5)
FNDA:0,(anonymous_6)
FNDA:0,(anonymous_7)
FNDA:0,(anonymous_8)
FNDA:0,(anonymous_9)
FNDA:0,(anonymous_10)
FNDA:0,(anonymous_11)
FNDA:0,(anonymous_12)
FNDA:0,(anonymous_13)
FNDA:0,(anonymous_14)
FNDA:0,(anonymous_15)
FNDA:0,(anonymous_16)
FNDA:0,(anonymous_17)
FNDA:0,(anonymous_18)
FNDA:0,(anonymous_19)
FNDA:0,(anonymous_20)
FNDA:0,(anonymous_21)
FNDA:0,(anonymous_22)
DA:27,0
DA:28,0
DA:29,0
DA:35,0
DA:36,0
DA:38,0
DA:47,0
DA:48,0
DA:51,0
DA:56,0
DA:58,0
DA:75,0
DA:94,0
DA:97,0
DA:98,0
DA:99,0
DA:102,0
DA:103,0
DA:107,0
DA:110,0
DA:111,0
DA:112,0
DA:113,0
DA:114,0
DA:115,0
DA:117,0
DA:130,0
DA:142,0
DA:145,0
DA:146,0
DA:147,0
DA:148,0
DA:149,0
DA:153,0
DA:154,0
DA:155,0
DA:156,0
DA:158,0
DA:159,0
DA:162,0
DA:163,0
DA:166,0
DA:167,0
DA:168,0
DA:174,0
DA:175,0
DA:176,0
DA:179,0
DA:201,0
DA:213,0
DA:232,0
DA:236,0
DA:253,0
DA:290,0
DA:291,0
DA:335,0
DA:336,0
LF:57
LH:0
BRDA:50,0,0,0
BRDA:50,0,1,0
BRDA:63,1,0,0
BRDA:63,1,1,0
BRDA:111,2,0,0
BRDA:111,2,1,0
BRDA:111,3,0,0
BRDA:111,3,1,0
BRDA:112,4,0,0
BRDA:112,4,1,0
BRDA:113,5,0,0
BRDA:113,5,1,0
BRDA:114,6,0,0
BRDA:114,6,1,0
BRDA:123,7,0,0
BRDA:123,7,1,0
BRDA:124,8,0,0
BRDA:124,8,1,0
BRDA:148,9,0,0
BRDA:148,9,1,0
BRDA:154,10,0,0
BRDA:154,10,1,0
BRDA:154,11,0,0
BRDA:154,11,1,0
BRDA:175,12,0,0
BRDA:175,12,1,0
BRDA:176,13,0,0
BRDA:176,13,1,0
BRDA:192,14,0,0
BRDA:192,14,1,0
BRDA:235,15,0,0
BRDA:235,15,1,0
BRDA:261,16,0,0
BRDA:261,16,1,0
BRDA:261,16,2,0
BRDA:264,17,0,0
BRDA:264,17,1,0
BRDA:309,18,0,0
BRDA:309,18,1,0
BRDA:316,19,0,0
BRDA:316,19,1,0
BRDA:323,20,0,0
BRDA:323,20,1,0
BRDA:348,21,0,0
BRDA:348,21,1,0
BRF:45
BRH:0
end_of_record
TN:
SF:src/components/ai/EventHistoryAnalyzer.jsx
FN:60,EventHistoryAnalyzer
FN:67,(anonymous_1)
FN:72,(anonymous_2)
FN:77,(anonymous_3)
FN:82,(anonymous_4)
FN:86,(anonymous_5)
FN:92,(anonymous_6)
FN:99,(anonymous_7)
FN:100,(anonymous_8)
FN:101,(anonymous_9)
FN:102,(anonymous_10)
FN:103,(anonymous_11)
FN:107,(anonymous_12)
FN:122,(anonymous_13)
FN:127,(anonymous_14)
FN:131,(anonymous_15)
FN:140,(anonymous_16)
FN:147,(anonymous_17)
FN:149,(anonymous_18)
FN:154,(anonymous_19)
FN:157,(anonymous_20)
FN:167,(anonymous_21)
FN:172,(anonymous_22)
FN:177,(anonymous_23)
FN:185,(anonymous_24)
FN:188,(anonymous_25)
FN:190,(anonymous_26)
FN:237,(anonymous_27)
FN:240,(anonymous_28)
FN:268,(anonymous_29)
FN:303,(anonymous_30)
FN:317,(anonymous_31)
FN:332,(anonymous_32)
FN:385,(anonymous_33)
FN:405,(anonymous_34)
FN:426,(anonymous_35)
FN:498,(anonymous_36)
FN:530,(anonymous_37)
FNF:38
FNH:0
FNDA:0,EventHistoryAnalyzer
FNDA:0,(anonymous_1)
FNDA:0,(anonymous_2)
FNDA:0,(anonymous_3)
FNDA:0,(anonymous_4)
FNDA:0,(anonymous_5)
FNDA:0,(anonymous_6)
FNDA:0,(anonymous_7)
FNDA:0,(anonymous_8)
FNDA:0,(anonymous_9)
FNDA:0,(anonymous_10)
FNDA:0,(anonymous_11)
FNDA:0,(anonymous_12)
FNDA:0,(anonymous_13)
FNDA:0,(anonymous_14)
FNDA:0,(anonymous_15)
FNDA:0,(anonymous_16)
FNDA:0,(anonymous_17)
FNDA:0,(anonymous_18)
FNDA:0,(anonymous_19)
FNDA:0,(anonymous_20)
FNDA:0,(anonymous_21)
FNDA:0,(anonymous_22)
FNDA:0,(anonymous_23)
FNDA:0,(anonymous_24)
FNDA:0,(anonymous_25)
FNDA:0,(anonymous_26)
FNDA:0,(anonymous_27)
FNDA:0,(anonymous_28)
FNDA:0,(anonymous_29)
FNDA:0,(anonymous_30)
FNDA:0,(anonymous_31)
FNDA:0,(anonymous_32)
FNDA:0,(anonymous_33)
FNDA:0,(anonymous_34)
FNDA:0,(anonymous_35)
FNDA:0,(anonymous_36)
FNDA:0,(anonymous_37)
DA:51,0
DA:61,0
DA:62,0
DA:63,0
DA:65,0
DA:67,0
DA:70,0
DA:72,0
DA:75,0
DA:77,0
DA:80,0
DA:82,0
DA:86,0
DA:87,0
DA:92,0
DA:93,0
DA:94,0
DA:99,0
DA:100,0
DA:101,0
DA:102,0
DA:103,0
DA:104,0
DA:105,0
DA:106,0
DA:107,0
DA:110,0
DA:122,0
DA:123,0
DA:127,0
DA:128,0
DA:129,0
DA:131,0
DA:132,0
DA:133,0
DA:136,0
DA:140,0
DA:147,0
DA:148,0
DA:149,0
DA:154,0
DA:155,0
DA:157,0
DA:158,0
DA:159,0
DA:160,0
DA:162,0
DA:163,0
DA:164,0
DA:167,0
DA:172,0
DA:176,0
DA:178,0
DA:180,0
DA:185,0
DA:188,0
DA:190,0
DA:234,0
DA:235,0
DA:238,0
DA:241,0
DA:245,0
DA:268,0
DA:303,0
DA:317,0
DA:332,0
DA:386,0
DA:406,0
DA:427,0
DA:499,0
DA:500,0
DA:531,0
DA:532,0
LF:73
LH:0
BRDA:65,0,0,0
BRDA:70,1,0,0
BRDA:75,2,0,0
BRDA:80,3,0,0
BRDA:87,4,0,0
BRDA:87,4,1,0
BRDA:88,5,0,0
BRDA:88,5,1,0
BRDA:89,6,0,0
BRDA:89,6,1,0
BRDA:93,7,0,0
BRDA:93,7,1,0
BRDA:94,8,0,0
BRDA:94,8,1,0
BRDA:105,9,0,0
BRDA:105,9,1,0
BRDA:106,10,0,0
BRDA:106,10,1,0
BRDA:107,11,0,0
BRDA:107,11,1,0
BRDA:123,12,0,0
BRDA:123,12,1,0
BRDA:124,13,0,0
BRDA:124,13,1,0
BRDA:125,14,0,0
BRDA:125,14,1,0
BRDA:133,15,0,0
BRDA:133,15,1,0
BRDA:139,16,0,0
BRDA:139,16,1,0
BRDA:158,17,0,0
BRDA:158,17,1,0
BRDA:159,18,0,0
BRDA:159,18,1,0
BRDA:163,19,0,0
BRDA:163,19,1,0
BRDA:164,20,0,0
BRDA:164,20,1,0
BRDA:170,21,0,0
BRDA:170,21,1,0
BRDA:171,22,0,0
BRDA:171,22,1,0
BRDA:185,23,0,0
BRDA:185,23,1,0
BRDA:272,24,0,0
BRDA:272,24,1,0
BRDA:316,25,0,0
BRDA:316,25,1,0
BRDA:331,26,0,0
BRDA:331,26,1,0
BRDA:343,27,0,0
BRDA:343,27,1,0
BRDA:354,28,0,0
BRDA:354,28,1,0
BRDA:354,28,2,0
BRDA:499,29,0,0
BRDA:499,29,1,0
BRDA:531,30,0,0
BRDA:531,30,1,0
BRDA:541,31,0,0
BRDA:541,31,1,0
BRDA:542,32,0,0
BRDA:542,32,1,0
BRDA:543,33,0,0
BRDA:543,33,1,0
BRF:65
BRH:0
end_of_record
TN:
SF:src/components/ai/FacilitatorAIAssistant.jsx
FN:22,FacilitatorAIAssistant
FN:32,(anonymous_1)
FN:62,(anonymous_2)
FN:63,(anonymous_3)
FN:65,(anonymous_4)
FN:69,(anonymous_5)
FN:95,(anonymous_6)
FN:96,(anonymous_7)
FN:98,(anonymous_8)
FN:102,(anonymous_9)
FN:130,(anonymous_10)
FN:131,(anonymous_11)
FN:133,(anonymous_12)
FN:136,(anonymous_13)
FN:176,(anonymous_14)
FN:182,(anonymous_15)
FN:201,(anonymous_16)
FN:212,(anonymous_17)
FN:224,(anonymous_18)
FN:240,(anonymous_19)
FN:250,(anonymous_20)
FN:264,(anonymous_21)
FN:280,(anonymous_22)
FN:295,(anonymous_23)
FNF:24
FNH:0
FNDA:0,FacilitatorAIAssistant
FNDA:0,(anonymous_1)
FNDA:0,(anonymous_2)
FNDA:0,(anonymous_3)
FNDA:0,(anonymous_4)
FNDA:0,(anonymous_5)
FNDA:0,(anonymous_6)
FNDA:0,(anonymous_7)
FNDA:0,(anonymous_8)
FNDA:0,(anonymous_9)
FNDA:0,(anonymous_10)
FNDA:0,(anonymous_11)
FNDA:0,(anonymous_12)
FNDA:0,(anonymous_13)
FNDA:0,(anonymous_14)
FNDA:0,(anonymous_15)
FNDA:0,(anonymous_16)
FNDA:0,(anonymous_17)
FNDA:0,(anonymous_18)
FNDA:0,(anonymous_19)
FNDA:0,(anonymous_20)
FNDA:0,(anonymous_21)
FNDA:0,(anonymous_22)
FNDA:0,(anonymous_23)
DA:23,0
DA:24,0
DA:29,0
DA:31,0
DA:33,0
DA:60,0
DA:63,0
DA:65,0
DA:68,0
DA:70,0
DA:93,0
DA:96,0
DA:98,0
DA:101,0
DA:103,0
DA:128,0
DA:131,0
DA:133,0
DA:136,0
DA:137,0
DA:138,0
DA:141,0
DA:145,0
DA:176,0
DA:182,0
DA:201,0
DA:213,0
DA:224,0
DA:240,0
DA:251,0
DA:264,0
DA:280,0
DA:296,0
LF:33
LH:0
BRDA:37,0,0,0
BRDA:37,0,1,0
BRDA:39,1,0,0
BRDA:39,1,1,0
BRDA:39,1,2,0
BRDA:41,2,0,0
BRDA:41,2,1,0
BRDA:74,3,0,0
BRDA:74,3,1,0
BRDA:107,4,0,0
BRDA:107,4,1,0
BRDA:108,5,0,0
BRDA:108,5,1,0
BRDA:108,5,2,0
BRDA:110,6,0,0
BRDA:110,6,1,0
BRDA:141,7,0,0
BRDA:141,7,1,0
BRDA:141,7,2,0
BRDA:186,8,0,0
BRDA:186,8,1,0
BRDA:194,9,0,0
BRDA:194,9,1,0
BRDA:208,10,0,0
BRDA:208,10,1,0
BRDA:228,11,0,0
BRDA:228,11,1,0
BRDA:236,12,0,0
BRDA:236,12,1,0
BRDA:268,13,0,0
BRDA:268,13,1,0
BRDA:276,14,0,0
BRDA:276,14,1,0
BRDA:288,15,0,0
BRDA:288,15,1,0
BRDA:301,16,0,0
BRDA:301,16,1,0
BRF:37
BRH:0
end_of_record
TN:
SF:src/components/ai/PersonalizedRecommendations.jsx
FN:10,PersonalizedRecommendations
FN:21,(anonymous_1)
FN:26,(anonymous_2)
FN:27,(anonymous_3)
FN:32,(anonymous_4)
FN:38,(anonymous_5)
FN:51,(anonymous_6)
FN:51,(anonymous_7)
FN:86,(anonymous_8)
FN:90,(anonymous_9)
FN:106,(anonymous_10)
FN:124,(anonymous_11)
FN:136,(anonymous_12)
FN:173,(anonymous_13)
FNF:14
FNH:0
FNDA:0,PersonalizedRecommendations
FNDA:0,(anonymous_1)
FNDA:0,(anonymous_2)
FNDA:0,(anonymous_3)
FNDA:0,(anonymous_4)
FNDA:0,(anonymous_5)
FNDA:0,(anonymous_6)
FNDA:0,(anonymous_7)
FNDA:0,(anonymous_8)
FNDA:0,(anonymous_9)
FNDA:0,(anonymous_10)
FNDA:0,(anonymous_11)
FNDA:0,(anonymous_12)
FNDA:0,(anonymous_13)
DA:17,0
DA:18,0
DA:20,0
DA:22,0
DA:25,0
DA:27,0
DA:28,0
DA:32,0
DA:33,0
DA:34,0
DA:37,0
DA:38,0
DA:41,0
DA:51,0
DA:84,0
DA:87,0
DA:88,0
DA:91,0
DA:92,0
DA:96,0
DA:106,0
DA:124,0
DA:137,0
DA:173,0
LF:24
LH:0
BRDA:33,0,0,0
BRDA:33,0,1,0
BRDA:37,1,0,0
BRDA:37,1,1,0
BRDA:38,2,0,0
BRDA:38,2,1,0
BRDA:45,3,0,0
BRDA:45,3,1,0
BRDA:46,4,0,0
BRDA:46,4,1,0
BRDA:47,5,0,0
BRDA:47,5,1,0
BRDA:109,6,0,0
BRDA:109,6,1,0
BRDA:118,7,0,0
BRDA:118,7,1,0
BRDA:118,8,0,0
BRDA:118,8,1,0
BRDA:129,9,0,0
BRDA:129,9,1,0
BRF:20
BRH:0
end_of_record
TN:
SF:src/components/ai/SmartSchedulingAssistant.jsx
FN:48,SmartSchedulingAssistant
FN:56,(anonymous_1)
FN:61,(anonymous_2)
FN:66,(anonymous_3)
FN:71,(anonymous_4)
FN:76,(anonymous_5)
FN:79,(anonymous_6)
FN:85,(anonymous_7)
FN:94,(anonymous_8)
FN:135,(anonymous_9)
FN:138,(anonymous_10)
FN:145,(anonymous_11)
FN:148,(anonymous_12)
FN:149,(anonymous_13)
FN:177,(anonymous_14)
FN:182,(anonymous_15)
FN:238,(anonymous_16)
FN:323,(anonymous_17)
FNF:18
FNH:0
FNDA:0,SmartSchedulingAssistant
FNDA:0,(anonymous_1)
FNDA:0,(anonymous_2)
FNDA:0,(anonymous_3)
FNDA:0,(anonymous_4)
FNDA:0,(anonymous_5)
FNDA:0,(anonymous_6)
FNDA:0,(anonymous_7)
FNDA:0,(anonymous_8)
FNDA:0,(anonymous_9)
FNDA:0,(anonymous_10)
FNDA:0,(anonymous_11)
FNDA:0,(anonymous_12)
FNDA:0,(anonymous_13)
FNDA:0,(anonymous_14)
FNDA:0,(anonymous_15)
FNDA:0,(anonymous_16)
FNDA:0,(anonymous_17)
DA:36,0
DA:49,0
DA:50,0
DA:51,0
DA:52,0
DA:54,0
DA:56,0
DA:59,0
DA:61,0
DA:64,0
DA:66,0
DA:70,0
DA:72,0
DA:75,0
DA:76,0
DA:77,0
DA:78,0
DA:79,0
DA:80,0
DA:85,0
DA:86,0
DA:90,0
DA:94,0
DA:132,0
DA:133,0
DA:136,0
DA:139,0
DA:140,0
DA:145,0
DA:146,0
DA:148,0
DA:149,0
DA:151,0
DA:152,0
DA:154,0
DA:155,0
DA:157,0
DA:160,0
DA:177,0
DA:182,0
DA:239,0
DA:240,0
DA:242,0
DA:324,0
LF:44
LH:0
BRDA:54,0,0,0
BRDA:59,1,0,0
BRDA:64,2,0,0
BRDA:77,3,0,0
BRDA:77,3,1,0
BRDA:79,4,0,0
BRDA:79,4,1,0
BRDA:80,5,0,0
BRDA:80,5,1,0
BRDA:86,6,0,0
BRDA:86,6,1,0
BRDA:94,7,0,0
BRDA:94,7,1,0
BRDA:146,8,0,0
BRDA:146,8,1,0
BRDA:151,9,0,0
BRDA:151,9,1,0
BRDA:154,10,0,0
BRDA:154,10,1,0
BRDA:186,11,0,0
BRDA:186,11,1,0
BRDA:198,12,0,0
BRDA:198,12,1,0
BRDA:210,13,0,0
BRDA:210,13,1,0
BRDA:210,13,2,0
BRDA:250,14,0,0
BRDA:250,14,1,0
BRDA:252,15,0,0
BRDA:252,15,1,0
BRDA:260,16,0,0
BRDA:260,16,1,0
BRDA:261,17,0,0
BRDA:261,17,1,0
BRDA:266,18,0,0
BRDA:266,18,1,0
BRDA:272,19,0,0
BRDA:272,19,1,0
BRDA:280,20,0,0
BRDA:280,20,1,0
BRDA:293,21,0,0
BRDA:293,21,1,0
BRDA:297,22,0,0
BRDA:297,22,1,0
BRDA:313,23,0,0
BRDA:313,23,1,0
BRDA:330,24,0,0
BRDA:330,24,1,0
[...]
FNDA:0,RoleForm
FNDA:0,(anonymous_20)
FNDA:0,(anonymous_21)
FNDA:0,(anonymous_22)
FNDA:0,(anonymous_23)
FNDA:0,(anonymous_24)
FNDA:0,(anonymous_25)
FNDA:0,(anonymous_26)
FNDA:0,(anonymous_27)
FNDA:0,(anonymous_28)
FNDA:0,(anonymous_29)
FNDA:0,(anonymous_30)
FNDA:0,(anonymous_31)
FNDA:0,(anonymous_32)
FNDA:0,(anonymous_33)
FNDA:0,(anonymous_34)
FNDA:0,(anonymous_35)
FNDA:0,(anonymous_36)
FNDA:0,PermissionModule
FNDA:0,(anonymous_38)
FNDA:0,(anonymous_39)
DA:19,0
DA:20,0
DA:21,0
DA:22,0
DA:24,0
DA:26,0
DA:29,0
DA:30,0
DA:32,0
DA:33,0
DA:34,0
DA:35,0
DA:37,0
DA:40,0
DA:41,0
DA:43,0
DA:44,0
DA:45,0
DA:46,0
DA:48,0
DA:51,0
DA:52,0
DA:54,0
DA:55,0
DA:57,0
DA:60,0
DA:61,0
DA:64,0
DA:81,0
DA:97,0
DA:98,0
DA:100,0
DA:104,0
DA:105,0
DA:117,0
DA:121,0
DA:122,0
DA:125,0
DA:126,0
DA:127,0
DA:129,0
DA:130,0
DA:150,0
DA:151,0
DA:154,0
DA:191,0
DA:210,0
DA:211,0
DA:223,0
DA:230,0
DA:238,0
DA:248,0
DA:257,0
DA:275,0
DA:280,0
DA:288,0
DA:293,0
DA:301,0
DA:306,0
DA:314,0
DA:319,0
DA:327,0
DA:332,0
DA:343,0
DA:356,0
DA:363,0
DA:367,0
LF:67
LH:0
BRDA:60,0,0,0
BRDA:60,0,1,0
BRDA:60,1,0,0
BRDA:60,1,1,0
BRDA:91,2,0,0
BRDA:91,2,1,0
BRDA:97,3,0,0
BRDA:97,3,1,0
BRDA:107,4,0,0
BRDA:107,4,1,0
BRDA:125,5,0,0
BRDA:125,5,1,0
BRDA:129,6,0,0
BRDA:129,6,1,0
BRDA:135,7,0,0
BRDA:135,7,1,0
BRDA:135,7,2,0
BRDA:150,8,0,0
BRDA:150,8,1,0
BRDA:161,9,0,0
BRDA:161,9,1,0
BRDA:162,10,0,0
BRDA:162,10,1,0
BRDA:169,11,0,0
BRDA:169,11,1,0
BRDA:178,12,0,0
BRDA:178,12,1,0
BRDA:191,13,0,0
BRDA:191,13,1,0
BRDA:344,14,0,0
BRDA:344,14,1,0
BRDA:344,14,2,0
BRDA:348,15,0,0
BRDA:348,15,1,0
BRF:34
BRH:0
end_of_record
TN:
SF:src/pages/RoleSelection.jsx
FN:12,RoleSelection
FN:19,(anonymous_1)
FN:22,(anonymous_2)
FN:56,(anonymous_3)
FN:59,(anonymous_4)
FN:118,(anonymous_5)
FN:184,(anonymous_6)
FNF:7
FNH:0
FNDA:0,RoleSelection
FNDA:0,(anonymous_1)
FNDA:0,(anonymous_2)
FNDA:0,(anonymous_3)
FNDA:0,(anonymous_4)
FNDA:0,(anonymous_5)
FNDA:0,(anonymous_6)
DA:13,0
DA:14,0
DA:15,0
DA:16,0
DA:17,0
DA:19,0
DA:20,0
DA:22,0
DA:23,0
DA:24,0
DA:25,0
DA:27,0
DA:30,0
DA:31,0
DA:32,0
DA:36,0
DA:37,0
DA:38,0
DA:40,0
DA:41,0
DA:42,0
DA:45,0
DA:46,0
DA:49,0
DA:50,0
DA:55,0
DA:56,0
DA:59,0
DA:60,0
DA:61,0
DA:63,0
DA:64,0
DA:65,0
DA:68,0
DA:69,0
DA:71,0
DA:74,0
DA:75,0
DA:76,0
DA:80,0
DA:81,0
DA:84,0
DA:118,0
DA:184,0
LF:44
LH:0
BRDA:25,0,0,0
BRDA:25,0,1,0
BRDA:30,1,0,0
BRDA:30,1,1,0
BRDA:36,2,0,0
BRDA:36,2,1,0
BRDA:40,3,0,0
BRDA:40,3,1,0
BRDA:45,4,0,0
BRDA:45,4,1,0
BRDA:49,5,0,0
BRDA:49,5,1,0
BRDA:68,6,0,0
BRDA:68,6,1,0
BRDA:80,7,0,0
BRDA:80,7,1,0
BRDA:114,8,0,0
BRDA:114,8,1,0
BRDA:118,9,0,0
BRDA:118,9,1,0
BRDA:125,10,0,0
BRDA:125,10,1,0
BRDA:159,11,0,0
BRDA:159,11,1,0
BRDA:159,12,0,0
BRDA:159,12,1,0
BRDA:180,13,0,0
BRDA:180,13,1,0
BRDA:184,14,0,0
BRDA:184,14,1,0
BRDA:191,15,0,0
BRDA:191,15,1,0
BRDA:225,16,0,0
BRDA:225,16,1,0
BRDA:225,17,0,0
BRDA:225,17,1,0
BRF:36
BRH:0
end_of_record
TN:
SF:src/pages/RoleSetup.jsx
FN:7,RoleSetup
FN:18,(anonymous_1)
FNF:2
FNH:0
FNDA:0,RoleSetup
FNDA:0,(anonymous_1)
DA:8,0
DA:10,0
DA:11,0
DA:18,0
DA:19,0
DA:22,0
LF:6
LH:0
BRDA:10,0,0,0
BRDA:10,0,1,0
BRF:2
BRH:0
end_of_record
TN:
SF:src/pages/Settings.jsx
FN:15,SettingsContent
FN:112,Settings
FNF:2
FNH:0
FNDA:0,SettingsContent
FNDA:0,Settings
DA:16,0
DA:17,0
DA:19,0
DA:20,0
DA:27,0
DA:113,0
LF:6
LH:0
BRDA:19,0,0,0
BRDA:19,0,1,0
BRDA:66,1,0,0
BRDA:66,1,1,0
BRDA:98,2,0,0
BRDA:98,2,1,0
BRF:6
BRH:0
end_of_record
TN:
SF:src/pages/SkillsDashboard.jsx
FN:22,SkillsDashboard
FN:28,(anonymous_1)
FN:33,(anonymous_2)
FN:38,(anonymous_3)
FN:43,(anonymous_4)
FN:48,(anonymous_5)
FN:53,(anonymous_6)
FN:58,(anonymous_7)
FN:59,(anonymous_8)
FN:60,(anonymous_9)
FN:62,(anonymous_10)
FN:66,(anonymous_11)
FN:71,(anonymous_12)
FN:73,(anonymous_13)
FN:161,(anonymous_14)
FN:175,(anonymous_15)
FN:213,(anonymous_16)
FN:219,(anonymous_17)
FN:225,(anonymous_18)
FNF:19
FNH:0
FNDA:0,SkillsDashboard
FNDA:0,(anonymous_1)
FNDA:0,(anonymous_2)
FNDA:0,(anonymous_3)
FNDA:0,(anonymous_4)
FNDA:0,(anonymous_5)
FNDA:0,(anonymous_6)
FNDA:0,(anonymous_7)
FNDA:0,(anonymous_8)
FNDA:0,(anonymous_9)
FNDA:0,(anonymous_10)
FNDA:0,(anonymous_11)
FNDA:0,(anonymous_12)
FNDA:0,(anonymous_13)
FNDA:0,(anonymous_14)
FNDA:0,(anonymous_15)
FNDA:0,(anonymous_16)
FNDA:0,(anonymous_17)
FNDA:0,(anonymous_18)
DA:23,0
DA:24,0
DA:26,0
DA:28,0
DA:31,0
DA:33,0
DA:36,0
DA:38,0
DA:41,0
DA:43,0
DA:46,0
DA:48,0
DA:51,0
DA:53,0
DA:58,0
DA:59,0
DA:60,0
DA:61,0
DA:62,0
DA:66,0
DA:67,0
DA:68,0
DA:70,0
DA:71,0
DA:73,0
DA:75,0
DA:76,0
DA:79,0
DA:162,0
DA:176,0
DA:213,0
DA:219,0
DA:225,0
LF:33
LH:0
BRDA:26,0,0,0
BRDA:31,1,0,0
BRDA:36,2,0,0
BRDA:41,3,0,0
BRDA:46,4,0,0
BRDA:51,5,0,0
BRDA:61,6,0,0
BRDA:61,6,1,0
BRDA:62,7,0,0
BRDA:62,7,1,0
BRDA:67,8,0,0
BRDA:67,8,1,0
BRDA:75,9,0,0
BRDA:75,9,1,0
BRDA:75,10,0,0
BRDA:75,10,1,0
BRDA:87,11,0,0
BRDA:87,11,1,0
BRDA:125,12,0,0
BRDA:125,12,1,0
BRDA:127,13,0,0
BRDA:127,13,1,0
BRDA:137,14,0,0
BRDA:137,14,1,0
BRDA:143,15,0,0
BRDA:143,15,1,0
BRDA:151,16,0,0
BRDA:151,16,1,0
BRDA:192,17,0,0
BRDA:192,17,1,0
BRDA:242,18,0,0
BRDA:242,18,1,0
BRDA:255,19,0,0
BRDA:255,19,1,0
BRF:34
BRH:0
end_of_record
TN:
SF:src/pages/SocialGamification.jsx
FN:12,SocialGamification
FN:17,(anonymous_1)
FNF:2
FNH:0
FNDA:0,SocialGamification
FNDA:0,(anonymous_1)
DA:13,0
DA:15,0
DA:18,0
DA:19,0
DA:24,0
DA:25,0
DA:28,0
LF:7
LH:0
BRDA:24,0,0,0
BRDA:24,0,1,0
BRF:2
BRH:0
end_of_record
TN:
SF:src/pages/SocialHub.jsx
FN:12,SocialHub
FNF:1
FNH:0
FNDA:0,SocialHub
DA:13,0
DA:14,0
DA:15,0
DA:17,0
DA:18,0
DA:21,0
LF:6
LH:0
BRDA:17,0,0,0
BRDA:17,0,1,0
BRDA:57,1,0,0
BRDA:57,1,1,0
BRF:4
BRH:0
end_of_record
TN:
SF:src/pages/Surveys.jsx
FN:20,Surveys
FN:26,(anonymous_1)
FN:28,(anonymous_2)
FN:43,(anonymous_3)
FN:49,(anonymous_4)
FN:50,(anonymous_5)
FN:51,(anonymous_6)
FN:63,(anonymous_7)
FN:71,(anonymous_8)
FN:149,(anonymous_9)
FN:181,(anonymous_10)
FN:205,(anonymous_11)
FNF:12
FNH:0
FNDA:0,Surveys
FNDA:0,(anonymous_1)
FNDA:0,(anonymous_2)
FNDA:0,(anonymous_3)
FNDA:0,(anonymous_4)
FNDA:0,(anonymous_5)
FNDA:0,(anonymous_6)
FNDA:0,(anonymous_7)
FNDA:0,(anonymous_8)
FNDA:0,(anonymous_9)
FNDA:0,(anonymous_10)
FNDA:0,(anonymous_11)
DA:21,0
DA:22,0
DA:24,0
DA:27,0
DA:28,0
DA:29,0
DA:30,0
DA:31,0
DA:33,0
DA:34,0
DA:36,0
DA:41,0
DA:43,0
DA:49,0
DA:50,0
DA:51,0
DA:53,0
DA:54,0
DA:57,0
DA:58,0
DA:63,0
DA:71,0
DA:77,0
DA:150,0
DA:181,0
DA:206,0
LF:26
LH:0
BRDA:24,0,0,0
BRDA:30,1,0,0
BRDA:30,1,1,0
BRDA:31,2,0,0
BRDA:31,2,1,0
BRDA:33,3,0,0
BRDA:33,3,1,0
BRDA:33,4,0,0
BRDA:33,4,1,0
BRDA:34,5,0,0
BRDA:34,5,1,0
BRDA:34,6,0,0
BRDA:34,6,1,0
BRDA:41,7,0,0
BRDA:53,8,0,0
BRDA:53,8,1,0
BRDA:57,9,0,0
BRDA:57,9,1,0
BRDA:138,10,0,0
BRDA:138,10,1,0
BRDA:140,11,0,0
BRDA:140,11,1,0
BRDA:157,12,0,0
BRDA:157,12,1,0
BRDA:169,13,0,0
BRDA:169,13,1,0
BRDA:173,14,0,0
BRDA:173,14,1,0
BRDA:175,15,0,0
BRDA:175,15,1,0
BRDA:195,16,0,0
BRDA:195,16,1,0
BRF:32
BRH:0
end_of_record
TN:
SF:src/pages/TeamAutomation.jsx
FN:10,TeamAutomation
FNF:1
FNH:0
FNDA:0,TeamAutomation
DA:11,0
DA:12,0
DA:13,0
DA:15,0
DA:16,0
DA:23,0
DA:24,0
DA:36,0
LF:8
LH:0
BRDA:15,0,0,0
BRDA:15,0,1,0
BRDA:23,1,0,0
BRDA:23,1,1,0
BRF:4
BRH:0
end_of_record
TN:
SF:src/pages/TeamAutomations.jsx
FN:12,TeamAutomationsPage
FN:17,(anonymous_1)
FN:24,(anonymous_2)
FN:26,(anonymous_3)
FN:33,(anonymous_4)
FN:58,(anonymous_5)
FN:59,(anonymous_6)
FN:60,(anonymous_7)
FN:61,(anonymous_8)
FN:161,(anonymous_9)
FNF:10
FNH:0
FNDA:0,TeamAutomationsPage
FNDA:0,(anonymous_1)
FNDA:0,(anonymous_2)
FNDA:0,(anonymous_3)
FNDA:0,(anonymous_4)
FNDA:0,(anonymous_5)
FNDA:0,(anonymous_6)
FNDA:0,(anonymous_7)
FNDA:0,(anonymous_8)
FNDA:0,(anonymous_9)
DA:13,0
DA:15,0
DA:18,0
DA:19,0
DA:21,0
DA:24,0
DA:25,0
DA:26,0
DA:31,0
DA:33,0
DA:37,0
DA:38,0
DA:45,0
DA:46,0
DA:58,0
DA:59,0
DA:60,0
DA:61,0
DA:63,0
DA:162,0
LF:20
LH:0
BRDA:15,0,0,0
BRDA:18,1,0,0
BRDA:18,1,1,0
BRDA:31,2,0,0
BRDA:34,3,0,0
BRDA:34,3,1,0
BRDA:37,4,0,0
BRDA:37,4,1,0
BRDA:37,5,0,0
BRDA:37,5,1,0
BRDA:45,6,0,0
BRDA:45,6,1,0
BRDA:45,7,0,0
BRDA:45,7,1,0
BRDA:77,8,0,0
BRDA:77,8,1,0
BRDA:170,9,0,0
BRDA:170,9,1,0
BRDA:176,10,0,0
BRDA:176,10,1,0
BRF:20
BRH:0
end_of_record
TN:
SF:src/pages/TeamCompetition.jsx
FN:30,TeamCompetition
FN:39,(anonymous_1)
FN:48,(anonymous_2)
FN:54,(anonymous_3)
FN:57,(anonymous_4)
FN:61,(anonymous_5)
FN:80,(anonymous_6)
FN:84,(anonymous_7)
FN:90,(anonymous_8)
FN:91,(anonymous_9)
FN:92,(anonymous_10)
FN:93,(anonymous_11)
FN:130,(anonymous_12)
FN:218,(anonymous_13)
FN:223,(anonymous_14)
FN:234,(anonymous_15)
FN:248,(anonymous_16)
FNF:17
FNH:0
FNDA:0,TeamCompetition
FNDA:0,(anonymous_1)
FNDA:0,(anonymous_2)
FNDA:0,(anonymous_3)
FNDA:0,(anonymous_4)
FNDA:0,(anonymous_5)
FNDA:0,(anonymous_6)
FNDA:0,(anonymous_7)
FNDA:0,(anonymous_8)
FNDA:0,(anonymous_9)
FNDA:0,(anonymous_10)
FNDA:0,(anonymous_11)
FNDA:0,(anonymous_12)
FNDA:0,(anonymous_13)
FNDA:0,(anonymous_14)
FNDA:0,(anonymous_15)
FNDA:0,(anonymous_16)
DA:31,0
DA:32,0
DA:33,0
DA:34,0
DA:37,0
DA:39,0
DA:43,0
DA:46,0
DA:48,0
DA:52,0
DA:54,0
DA:57,0
DA:60,0
DA:62,0
DA:63,0
DA:66,0
DA:76,0
DA:81,0
DA:82,0
DA:85,0
DA:90,0
DA:91,0
DA:92,0
DA:93,0
DA:95,0
DA:96,0
DA:99,0
DA:130,0
DA:219,0
DA:223,0
DA:234,0
DA:249,0
LF:32
LH:0
BRDA:37,0,0,0
BRDA:46,1,0,0
BRDA:52,2,0,0
BRDA:62,3,0,0
BRDA:62,3,1,0
BRDA:62,4,0,0
BRDA:62,4,1,0
BRDA:67,5,0,0
BRDA:67,5,1,0
BRDA:85,6,0,0
BRDA:85,6,1,0
BRDA:95,7,0,0
BRDA:95,7,1,0
BRDA:114,8,0,0
BRDA:114,8,1,0
BRDA:118,9,0,0
BRDA:118,9,1,0
BRDA:121,10,0,0
BRDA:121,10,1,0
BRDA:128,11,0,0
BRDA:128,11,1,0
BRDA:177,12,0,0
BRDA:177,12,1,0
BRDA:199,13,0,0
BRDA:199,13,1,0
BRDA:216,14,0,0
BRDA:216,14,1,0
BRDA:233,15,0,0
BRDA:233,15,1,0
BRDA:246,16,0,0
BRDA:246,16,1,0
BRF:31
BRH:0
end_of_record
TN:
SF:src/pages/TeamDashboard.jsx
FN:17,TeamDashboard
FN:28,(anonymous_1)
FN:34,(anonymous_2)
FN:41,(anonymous_3)
FN:50,(anonymous_4)
FN:56,(anonymous_5)
FN:61,(anonymous_6)
FN:65,(anonymous_7)
FN:144,(anonymous_8)
FN:175,(anonymous_9)
FN:176,(anonymous_10)
FN:200,(anonymous_11)
FN:200,(anonymous_12)
FN:249,(anonymous_13)
FN:283,(anonymous_14)
FN:299,(anonymous_15)
FN:324,(anonymous_16)
FNF:17
FNH:0
FNDA:0,TeamDashboard
FNDA:0,(anonymous_1)
FNDA:0,(anonymous_2)
FNDA:0,(anonymous_3)
FNDA:0,(anonymous_4)
FNDA:0,(anonymous_5)
FNDA:0,(anonymous_6)
FNDA:0,(anonymous_7)
FNDA:0,(anonymous_8)
FNDA:0,(anonymous_9)
FNDA:0,(anonymous_10)
FNDA:0,(anonymous_11)
FNDA:0,(anonymous_12)
FNDA:0,(anonymous_13)
FNDA:0,(anonymous_14)
FNDA:0,(anonymous_15)
FNDA:0,(anonymous_16)
DA:18,0
DA:19,0
DA:20,0
DA:21,0
DA:22,0
DA:23,0
DA:25,0
DA:27,0
DA:28,0
DA:35,0
DA:36,0
DA:40,0
DA:42,0
DA:43,0
DA:44,0
DA:46,0
DA:51,0
DA:52,0
DA:56,0
DA:57,0
DA:58,0
DA:61,0
DA:62,0
DA:65,0
DA:66,0
DA:69,0
DA:70,0
DA:77,0
DA:79,0
DA:145,0
DA:175,0
DA:176,0
DA:200,0
DA:201,0
DA:250,0
DA:284,0
DA:299,0
DA:324,0
LF:38
LH:0
BRDA:42,0,0,0
BRDA:42,0,1,0
BRDA:43,1,0,0
BRDA:43,1,1,0
BRDA:57,2,0,0
BRDA:57,2,1,0
BRDA:62,3,0,0
BRDA:62,3,1,0
BRDA:66,4,0,0
BRDA:66,4,1,0
BRDA:69,5,0,0
BRDA:69,5,1,0
BRDA:69,6,0,0
BRDA:69,6,1,0
BRDA:69,6,2,0
BRDA:106,7,0,0
BRDA:106,7,1,0
BRDA:150,8,0,0
BRDA:150,8,1,0
BRDA:155,9,0,0
BRDA:155,9,1,0
BRDA:160,10,0,0
BRDA:160,10,1,0
BRDA:164,11,0,0
BRDA:164,11,1,0
BRDA:176,12,0,0
BRDA:176,12,1,0
BRDA:182,13,0,0
BRDA:182,13,1,0
BRDA:215,14,0,0
BRDA:215,14,1,0
BRDA:239,15,0,0
BRDA:239,15,1,0
BRDA:276,16,0,0
BRDA:276,16,1,0
BRDA:296,17,0,0
BRDA:296,17,1,0
BRF:37
BRH:0
end_of_record
TN:
SF:src/pages/TeamLeaderDashboard.jsx
FN:26,TeamLeaderDashboard
FN:31,(anonymous_1)
FN:38,(anonymous_2)
FN:50,(anonymous_3)
FN:62,(anonymous_4)
FN:64,(anonymous_5)
FN:74,(anonymous_6)
FN:77,(anonymous_7)
FN:82,(anonymous_8)
FNF:9
FNH:0
FNDA:0,TeamLeaderDashboard
FNDA:0,(anonymous_1)
FNDA:0,(anonymous_2)
FNDA:0,(anonymous_3)
FNDA:0,(anonymous_4)
FNDA:0,(anonymous_5)
FNDA:0,(anonymous_6)
FNDA:0,(anonymous_7)
FNDA:0,(anonymous_8)
DA:27,0
DA:28,0
DA:31,0
DA:32,0
DA:33,0
DA:36,0
DA:39,0
DA:42,0
DA:48,0
DA:51,0
DA:54,0
DA:60,0
DA:63,0
DA:64,0
DA:65,0
DA:72,0
DA:75,0
DA:77,0
DA:78,0
DA:82,0
DA:83,0
DA:90,0
DA:91,0
DA:98,0
DA:99,0
DA:115,0
LF:26
LH:0
BRDA:32,0,0,0
BRDA:32,0,1,0
BRDA:42,1,0,0
BRDA:42,1,1,0
BRDA:48,2,0,0
BRDA:60,3,0,0
BRDA:72,4,0,0
BRDA:75,5,0,0
BRDA:75,5,1,0
BRDA:75,6,0,0
BRDA:75,6,1,0
BRDA:83,7,0,0
BRDA:83,7,1,0
BRDA:87,8,0,0
BRDA:87,8,1,0
BRDA:90,9,0,0
BRDA:90,9,1,0
BRDA:98,10,0,0
BRDA:98,10,1,0
BRDA:201,11,0,0
BRDA:201,11,1,0
BRF:21
BRH:0
end_of_record
TN:
SF:src/pages/TeamPerformanceDashboard.jsx
FN:37,TeamPerformanceDashboard
FN:44,(anonymous_1)
FN:49,(anonymous_2)
FN:54,(anonymous_3)
FN:59,(anonymous_4)
FN:64,(anonymous_5)
FN:69,(anonymous_6)
FN:73,(anonymous_7)
FN:76,(anonymous_8)
FN:77,(anonymous_9)
FN:78,(anonymous_10)
FN:81,(anonymous_11)
FN:86,(anonymous_12)
FN:90,(anonymous_13)
FN:92,(anonymous_14)
FN:95,(anonymous_15)
FN:108,(anonymous_16)
FN:109,(anonymous_17)
FN:110,(anonymous_18)
FN:118,(anonymous_19)
FN:127,(anonymous_20)
FN:128,(anonymous_21)
FN:140,(anonymous_22)
FN:141,(anonymous_23)
FN:142,(anonymous_24)
FN:147,(anonymous_25)
FN:149,(anonymous_26)
FN:160,(anonymous_27)
FN:168,(anonymous_28)
FN:173,(anonymous_29)
FN:174,(anonymous_30)
FN:175,(anonymous_31)
FN:180,(anonymous_32)
FN:181,(anonymous_33)
FN:182,(anonymous_34)
FN:194,(anonymous_35)
FN:197,(anonymous_36)
FN:201,(anonymous_37)
FN:203,(anonymous_38)
FN:208,(anonymous_39)
FN:210,(anonymous_40)
FN:261,(anonymous_41)
FN:333,(anonymous_42)
FN:345,(anonymous_43)
FN:356,(anonymous_44)
FN:454,(anonymous_45)
FN:482,(anonymous_46)
FN:484,(anonymous_47)
FN:513,(anonymous_48)
FN:514,(anonymous_49)
FNF:50
FNH:0
FNDA:0,TeamPerformanceDashboard
FNDA:0,(anonymous_1)
FNDA:0,(anonymous_2)
FNDA:0,(anonymous_3)
FNDA:0,(anonymous_4)
FNDA:0,(anonymous_5)
FNDA:0,(anonymous_6)
FNDA:0,(anonymous_7)
FNDA:0,(anonymous_8)
FNDA:0,(anonymous_9)
FNDA:0,(anonymous_10)
FNDA:0,(anonymous_11)
FNDA:0,(anonymous_12)
FNDA:0,(anonymous_13)
FNDA:0,(anonymous_14)
FNDA:0,(anonymous_15)
FNDA:0,(anonymous_16)
FNDA:0,(anonymous_17)
FNDA:0,(anonymous_18)
FNDA:0,(anonymous_19)
FNDA:0,(anonymous_20)
FNDA:0,(anonymous_21)
FNDA:0,(anonymous_22)
FNDA:0,(anonymous_23)
FNDA:0,(anonymous_24)
FNDA:0,(anonymous_25)
FNDA:0,(anonymous_26)
FNDA:0,(anonymous_27)
FNDA:0,(anonymous_28)
FNDA:0,(anonymous_29)
FNDA:0,(anonymous_30)
FNDA:0,(anonymous_31)
FNDA:0,(anonymous_32)
FNDA:0,(anonymous_33)
FNDA:0,(anonymous_34)
FNDA:0,(anonymous_35)
FNDA:0,(anonymous_36)
FNDA:0,(anonymous_37)
FNDA:0,(anonymous_38)
FNDA:0,(anonymous_39)
FNDA:0,(anonymous_40)
FNDA:0,(anonymous_41)
FNDA:0,(anonymous_42)
FNDA:0,(anonymous_43)
FNDA:0,(anonymous_44)
FNDA:0,(anonymous_45)
FNDA:0,(anonymous_46)
FNDA:0,(anonymous_47)
FNDA:0,(anonymous_48)
FNDA:0,(anonymous_49)
DA:38,0
DA:39,0
DA:40,0
DA:42,0
DA:44,0
DA:47,0
DA:49,0
DA:52,0
DA:54,0
DA:57,0
DA:59,0
DA:62,0
DA:64,0
DA:67,0
DA:69,0
DA:73,0
DA:74,0
DA:76,0
DA:77,0
DA:78,0
DA:81,0
DA:82,0
DA:86,0
DA:87,0
DA:90,0
DA:91,0
DA:92,0
DA:95,0
DA:96,0
DA:100,0
DA:108,0
DA:109,0
DA:110,0
DA:114,0
DA:118,0
DA:119,0
DA:120,0
DA:122,0
DA:123,0
DA:124,0
DA:125,0
DA:127,0
DA:128,0
DA:129,0
DA:130,0
DA:131,0
DA:132,0
DA:134,0
DA:139,0
DA:140,0
DA:141,0
DA:142,0
DA:143,0
DA:147,0
DA:148,0
DA:149,0
DA:152,0
DA:160,0
DA:164,0
DA:168,0
DA:169,0
DA:171,0
DA:172,0
DA:173,0
DA:174,0
DA:175,0
DA:176,0
DA:180,0
DA:181,0
DA:182,0
DA:183,0
DA:185,0
DA:186,0
DA:188,0
DA:189,0
DA:190,0
DA:194,0
DA:197,0
DA:201,0
DA:202,0
DA:203,0
DA:206,0
DA:208,0
DA:209,0
DA:210,0
DA:211,0
DA:212,0
DA:214,0
DA:215,0
DA:217,0
DA:218,0
DA:220,0
DA:221,0
DA:223,0
DA:224,0
DA:226,0
DA:227,0
DA:229,0
DA:231,0
DA:235,0
DA:239,0
DA:240,0
DA:243,0
DA:262,0
DA:333,0
DA:345,0
DA:356,0
DA:455,0
DA:482,0
DA:485,0
DA:513,0
DA:515,0
LF:112
LH:0
BRDA:42,0,0,0
BRDA:47,1,0,0
BRDA:52,2,0,0
BRDA:57,3,0,0
BRDA:62,4,0,0
BRDA:67,5,0,0
BRDA:77,6,0,0
BRDA:77,6,1,0
BRDA:90,7,0,0
BRDA:90,7,1,0
BRDA:91,8,0,0
BRDA:91,8,1,0
BRDA:92,9,0,0
BRDA:92,9,1,0
BRDA:96,10,0,0
BRDA:96,10,1,0
BRDA:104,11,0,0
BRDA:104,11,1,0
BRDA:110,12,0,0
BRDA:110,12,1,0
BRDA:120,13,0,0
BRDA:120,13,1,0
BRDA:120,14,0,0
BRDA:120,14,1,0
BRDA:129,15,0,0
BRDA:129,15,1,0
BRDA:139,16,0,0
BRDA:139,16,1,0
BRDA:148,17,0,0
BRDA:148,17,1,0
BRDA:149,18,0,0
BRDA:149,18,1,0
BRDA:156,19,0,0
BRDA:156,19,1,0
BRDA:172,20,0,0
BRDA:172,20,1,0
BRDA:183,21,0,0
BRDA:183,21,1,0
BRDA:185,22,0,0
BRDA:185,22,1,0
BRDA:189,23,0,0
BRDA:189,23,1,0
BRDA:196,24,0,0
BRDA:196,24,1,0
BRDA:212,25,0,0
BRDA:212,25,1,0
BRDA:212,25,2,0
BRDA:212,25,3,0
BRDA:212,25,4,0
BRDA:235,26,0,0
BRDA:235,26,1,0
BRDA:239,27,0,0
BRDA:239,27,1,0
BRDA:282,28,0,0
BRDA:282,28,1,0
BRDA:332,29,0,0
BRDA:332,29,1,0
BRDA:518,30,0,0
BRDA:518,30,1,0
BRDA:522,31,0,0
BRDA:522,31,1,0
BRDA:526,32,0,0
BRDA:526,32,1,0
BRDA:530,33,0,0
BRDA:530,33,1,0
BRF:65
BRH:0
end_of_record
TN:
SF:src/pages/Teams.jsx
FN:23,Teams
FN:32,(anonymous_1)
FN:43,(anonymous_2)
FN:45,(anonymous_3)
FN:49,(anonymous_4)
FN:67,(anonymous_5)
FN:81,(anonymous_6)
FN:82,(anonymous_7)
FN:83,(anonymous_8)
FN:93,(anonymous_9)
FNF:10
FNH:0
FNDA:0,Teams
FNDA:0,(anonymous_1)
FNDA:0,(anonymous_2)
FNDA:0,(anonymous_3)
FNDA:0,(anonymous_4)
FNDA:0,(anonymous_5)
FNDA:0,(anonymous_6)
FNDA:0,(anonymous_7)
FNDA:0,(anonymous_8)
FNDA:0,(anonymous_9)
DA:24,0
DA:25,0
DA:26,0
DA:28,0
DA:29,0
DA:30,0
DA:32,0
DA:41,0
DA:43,0
DA:44,0
DA:45,0
DA:49,0
DA:50,0
DA:53,0
DA:54,0
DA:57,0
DA:67,0
DA:81,0
DA:82,0
DA:83,0
DA:94,0
LF:21
LH:0
BRDA:32,0,0,0
BRDA:32,0,1,0
BRDA:53,1,0,0
BRDA:53,1,1,0
BRDA:53,2,0,0
BRDA:53,2,1,0
BRDA:65,3,0,0
BRDA:65,3,1,0
BRDA:77,4,0,0
BRDA:77,4,1,0
BRDA:124,5,0,0
BRDA:124,5,1,0
BRDA:142,6,0,0
BRDA:142,6,1,0
BRF:14
BRH:0
end_of_record
TN:
SF:src/pages/UserProfile.jsx
FN:16,(anonymous_0)
FN:17,(anonymous_1)
FN:18,(anonymous_2)
FN:19,(anonymous_3)
FN:20,(anonymous_4)
FN:21,(anonymous_5)
FN:22,(anonymous_6)
FN:23,(anonymous_7)
FN:24,(anonymous_8)
FN:25,(anonymous_9)
FN:26,(anonymous_10)
FN:27,(anonymous_11)
FN:29,UserProfilePage
FNF:13
FNH:0
FNDA:0,(anonymous_0)
FNDA:0,(anonymous_1)
FNDA:0,(anonymous_2)
FNDA:0,(anonymous_3)
FNDA:0,(anonymous_4)
FNDA:0,(anonymous_5)
FNDA:0,(anonymous_6)
FNDA:0,(anonymous_7)
FNDA:0,(anonymous_8)
FNDA:0,(anonymous_9)
FNDA:0,(anonymous_10)
FNDA:0,(anonymous_11)
FNDA:0,UserProfilePage
DA:16,0
DA:17,0
DA:18,0
DA:19,0
DA:20,0
DA:21,0
DA:22,0
DA:23,0
DA:24,0
DA:25,0
DA:26,0
DA:27,0
DA:30,0
DA:31,0
DA:32,0
DA:34,0
DA:35,0
DA:38,0
LF:18
LH:0
BRDA:34,0,0,0
BRDA:34,0,1,0
BRDA:34,1,0,0
BRDA:34,1,1,0
BRF:4
BRH:0
end_of_record
TN:
SF:src/pages/UserRoleAssignment.jsx
FN:16,UserRoleAssignment
FN:24,(anonymous_1)
FN:29,(anonymous_2)
FN:34,(anonymous_3)
FN:38,(anonymous_4)
FN:39,(anonymous_5)
FN:44,(anonymous_6)
FN:48,(anonymous_7)
FN:49,(anonymous_8)
FN:53,(anonymous_9)
FN:60,(anonymous_10)
FN:65,(anonymous_11)
FN:66,(anonymous_12)
FN:95,(anonymous_13)
FN:103,(anonymous_14)
FN:112,(anonymous_15)
FN:116,(anonymous_16)
FN:144,(anonymous_17)
FN:159,AssignRoleForm
FN:164,(anonymous_19)
FN:164,(anonymous_20)
FN:167,(anonymous_21)
FN:169,(anonymous_22)
FN:190,(anonymous_23)
FNF:24
FNH:0
FNDA:0,UserRoleAssignment
FNDA:0,(anonymous_1)
FNDA:0,(anonymous_2)
FNDA:0,(anonymous_3)
FNDA:0,(anonymous_4)
FNDA:0,(anonymous_5)
FNDA:0,(anonymous_6)
FNDA:0,(anonymous_7)
FNDA:0,(anonymous_8)
FNDA:0,(anonymous_9)
FNDA:0,(anonymous_10)
FNDA:0,(anonymous_11)
FNDA:0,(anonymous_12)
FNDA:0,(anonymous_13)
FNDA:0,(anonymous_14)
FNDA:0,(anonymous_15)
FNDA:0,(anonymous_16)
FNDA:0,(anonymous_17)
FNDA:0,AssignRoleForm
FNDA:0,(anonymous_19)
FNDA:0,(anonymous_20)
FNDA:0,(anonymous_21)
FNDA:0,(anonymous_22)
FNDA:0,(anonymous_23)
DA:17,0
DA:18,0
DA:19,0
DA:20,0
DA:22,0
DA:24,0
DA:27,0
DA:29,0
DA:32,0
DA:34,0
DA:37,0
DA:38,0
DA:40,0
DA:41,0
DA:42,0
DA:44,0
DA:47,0
DA:48,0
DA:50,0
DA:51,0
DA:53,0
DA:56,0
DA:57,0
DA:60,0
DA:61,0
DA:65,0
DA:66,0
DA:69,0
DA:95,0
DA:104,0
DA:105,0
DA:113,0
DA:117,0
DA:118,0
DA:144,0
DA:160,0
DA:161,0
DA:163,0
DA:164,0
DA:167,0
DA:169,0
DA:170,0
DA:172,0
DA:181,0
DA:191,0
LF:45
LH:0
BRDA:56,0,0,0
BRDA:56,0,1,0
BRDA:56,1,0,0
BRDA:56,1,1,0
BRDA:56,1,2,0
BRDA:61,2,0,0
BRDA:61,2,1,0
BRDA:66,3,0,0
BRDA:66,3,1,0
BRDA:117,4,0,0
BRDA:117,4,1,0
BRDA:142,5,0,0
BRDA:142,5,1,0
BRDA:170,6,0,0
BRDA:170,6,1,0
BRDA:170,7,0,0
BRDA:170,7,1,0
BRDA:199,8,0,0
BRDA:199,8,1,0
BRDA:210,9,0,0
BRDA:210,9,1,0
BRF:21
BRH:0
end_of_record
TN:
SF:src/public/sw.js
FNF:0
FNH:0
LF:0
LH:0
BRF:0
BRH:0
end_of_record
